01:04  INFO: Extracting files from Accessories/
01:04 TRACE: Acc_HandsOff_1.xnb
01:04  INFO: Extracting files from Accessories/
01:04 TRACE: Acc_HandsOff_10.xnb
01:04  INFO: Extracting files from Accessories/
01:04 TRACE: Acc_HandsOff_11.xnb
01:04  INFO: Extracting files from Accessories/
01:04 TRACE: Acc_HandsOff_12.xnb
01:04  INFO: Extracting files from Accessories/
01:04 TRACE: Acc_HandsOff_13.xnb
01:04  INFO: Extracting files from Accessories/
01:04 TRACE: Acc_HandsOff_14.xnb
01:04  INFO: Extracting files from Accessories/
01:04 TRACE: Acc_HandsOff_15.xnb
01:04  INFO: Extracting files from Accessories/
01:04 TRACE: Acc_HandsOff_2.xnb
01:04  INFO: Extracting files from Accessories/
01:04 TRACE: Acc_HandsOff_3.xnb
01:04  INFO: Extracting files from Accessories/
01:04 TRACE: Acc_HandsOff_4.xnb
01:04  INFO: Extracting files from Accessories/
01:04 TRACE: Acc_HandsOff_5.xnb
01:04  INFO: Extracting files from Accessories/
01:04 TRACE: Acc_HandsOff_6.xnb
01:04  INFO: Extracting files from Accessories/
01:04 TRACE: Acc_HandsOff_7.xnb
01:04  INFO: Extracting files from Accessories/
01:04 TRACE: Acc_HandsOff_8.xnb
01:04  INFO: Extracting files from Accessories/
01:04 TRACE: Acc_HandsOff_9.xnb
01:04  INFO: Extracting files from Accessories/
01:04 TRACE: Acc_HandsOn_1.xnb
01:04  INFO: Extracting files from Accessories/
01:04 TRACE: Acc_HandsOn_10.xnb
01:04  INFO: Extracting files from Accessories/
01:04 TRACE: Acc_HandsOn_11.xnb
01:04  INFO: Extracting files from Accessories/
01:04 TRACE: Acc_HandsOn_12.xnb
01:04  INFO: Extracting files from Accessories/
01:04 TRACE: Acc_HandsOn_13.xnb
01:04  INFO: Extracting files from Accessories/
01:04 TRACE: Acc_HandsOn_14.xnb
01:04  INFO: Extracting files from Accessories/
01:04 TRACE: Acc_HandsOn_15.xnb
01:04  INFO: Extracting files from Accessories/
01:04 TRACE: Acc_HandsOn_16.xnb
01:04  INFO: Extracting files from Accessories/
01:04 TRACE: Acc_HandsOn_17.xnb
01:04  INFO: Extracting files from Accessories/
01:04 TRACE: Acc_HandsOn_18.xnb
01:04  INFO: Extracting files from Accessories/
01:04 TRACE: Acc_HandsOn_19.xnb
01:04  INFO: Extracting files from Accessories/
01:04 TRACE: Acc_HandsOn_2.xnb
01:04  INFO: Extracting files from Accessories/
01:04 TRACE: Acc_HandsOn_20.xnb
01:04  INFO: Extracting files from Accessories/
01:04 TRACE: Acc_HandsOn_21.xnb
01:04  INFO: Extracting files from Accessories/
01:04 TRACE: Acc_HandsOn_22.xnb
01:04  INFO: Extracting files from Accessories/
01:04 TRACE: Acc_HandsOn_23.xnb
01:04  INFO: Extracting files from Accessories/
01:04 TRACE: Acc_HandsOn_24.xnb
01:04  INFO: Extracting files from Accessories/
01:04 TRACE: Acc_HandsOn_3.xnb
01:04  INFO: Extracting files from Accessories/
01:04 TRACE: Acc_HandsOn_4.xnb
01:04  INFO: Extracting files from Accessories/
01:04 TRACE: Acc_HandsOn_5.xnb
01:04  INFO: Extracting files from Accessories/
01:04 TRACE: Acc_HandsOn_6.xnb
01:04  INFO: Extracting files from Accessories/
01:04 TRACE: Acc_HandsOn_7.xnb
01:04  INFO: Extracting files from Accessories/
01:04 TRACE: Acc_HandsOn_8.xnb
01:04  INFO: Extracting files from Accessories/
01:04 TRACE: Acc_HandsOn_9.xnb
01:07  INFO: Extracting files from Armor/
01:07 TRACE: Armor_1.xnb
01:07  INFO: Extracting files from Armor/
01:07 TRACE: Armor_10.xnb
01:07  INFO: Extracting files from Armor/
01:07 TRACE: Armor_100.xnb
01:07  INFO: Extracting files from Armor/
01:07 TRACE: Armor_101.xnb
01:07  INFO: Extracting files from Armor/
01:07 TRACE: Armor_102.xnb
01:07  INFO: Extracting files from Armor/
01:07 TRACE: Armor_103.xnb
01:07  INFO: Extracting files from Armor/
01:07 TRACE: Armor_104.xnb
01:07  INFO: Extracting files from Armor/
01:07 TRACE: Armor_105.xnb
01:07  INFO: Extracting files from Armor/
01:07 TRACE: Armor_106.xnb
01:07  INFO: Extracting files from Armor/
01:07 TRACE: Armor_11.xnb
01:07  INFO: Extracting files from Armor/
01:07 TRACE: Armor_12.xnb
01:07  INFO: Extracting files from Armor/
01:07 TRACE: Armor_13.xnb
01:07  INFO: Extracting files from Armor/
01:07 TRACE: Armor_14.xnb
01:07  INFO: Extracting files from Armor/
01:07 TRACE: Armor_15.xnb
01:07  INFO: Extracting files from Armor/
01:07 TRACE: Armor_16.xnb
01:07  INFO: Extracting files from Armor/
01:07 TRACE: Armor_165.xnb
01:07  INFO: Extracting files from Armor/
01:07 TRACE: Armor_166.xnb
01:07  INFO: Extracting files from Armor/
01:07 TRACE: Armor_167.xnb
01:07  INFO: Extracting files from Armor/
01:07 TRACE: Armor_168.xnb
01:07  INFO: Extracting files from Armor/
01:07 TRACE: Armor_169.xnb
01:07  INFO: Extracting files from Armor/
01:07 TRACE: Armor_17.xnb
01:07  INFO: Extracting files from Armor/
01:07 TRACE: Armor_170.xnb
01:07  INFO: Extracting files from Armor/
01:07 TRACE: Armor_171.xnb
01:07  INFO: Extracting files from Armor/
01:07 TRACE: Armor_172.xnb
01:07  INFO: Extracting files from Armor/
01:07 TRACE: Armor_173.xnb
01:07  INFO: Extracting files from Armor/
01:07 TRACE: Armor_174.xnb
01:07  INFO: Extracting files from Armor/
01:07 TRACE: Armor_175.xnb
01:07  INFO: Extracting files from Armor/
01:07 TRACE: Armor_176.xnb
01:07  INFO: Extracting files from Armor/
01:07 TRACE: Armor_177.xnb
01:07  INFO: Extracting files from Armor/
01:07 TRACE: Armor_178.xnb
01:07  INFO: Extracting files from Armor/
01:07 TRACE: Armor_179.xnb
01:07  INFO: Extracting files from Armor/
01:07 TRACE: Armor_18.xnb
01:07  INFO: Extracting files from Armor/
01:07 TRACE: Armor_180.xnb
01:07  INFO: Extracting files from Armor/
01:07 TRACE: Armor_181.xnb
01:07  INFO: Extracting files from Armor/
01:07 TRACE: Armor_182.xnb
01:07  INFO: Extracting files from Armor/
01:07 TRACE: Armor_183.xnb
01:07  INFO: Extracting files from Armor/
01:07 TRACE: Armor_184.xnb
01:07  INFO: Extracting files from Armor/
01:07 TRACE: Armor_185.xnb
01:07  INFO: Extracting files from Armor/
01:07 TRACE: Armor_186.xnb
01:07  INFO: Extracting files from Armor/
01:07 TRACE: Armor_187.xnb
01:07  INFO: Extracting files from Armor/
01:07 TRACE: Armor_188.xnb
01:07  INFO: Extracting files from Armor/
01:07 TRACE: Armor_189.xnb
01:07  INFO: Extracting files from Armor/
01:07 TRACE: Armor_19.xnb
01:07  INFO: Extracting files from Armor/
01:07 TRACE: Armor_190.xnb
01:07  INFO: Extracting files from Armor/
01:07 TRACE: Armor_191.xnb
01:07  INFO: Extracting files from Armor/
01:07 TRACE: Armor_192.xnb
01:08  INFO: Extracting files from Armor/
01:08 TRACE: Armor_193.xnb
01:08  INFO: Extracting files from Armor/
01:08 TRACE: Armor_194.xnb
01:08  INFO: Extracting files from Armor/
01:08 TRACE: Armor_195.xnb
01:08  INFO: Extracting files from Armor/
01:08 TRACE: Armor_196.xnb
01:08  INFO: Extracting files from Armor/
01:08 TRACE: Armor_197.xnb
01:08  INFO: Extracting files from Armor/
01:08 TRACE: Armor_198.xnb
01:08  INFO: Extracting files from Armor/
01:08 TRACE: Armor_199.xnb
01:08  INFO: Extracting files from Armor/
01:08 TRACE: Armor_2.xnb
01:08  INFO: Extracting files from Armor/
01:08 TRACE: Armor_20.xnb
01:08  INFO: Extracting files from Armor/
01:08 TRACE: Armor_200.xnb
01:08  INFO: Extracting files from Armor/
01:08 TRACE: Armor_201.xnb
01:08  INFO: Extracting files from Armor/
01:08 TRACE: Armor_202.xnb
01:08  INFO: Extracting files from Armor/
01:08 TRACE: Armor_203.xnb
01:08  INFO: Extracting files from Armor/
01:08 TRACE: Armor_204.xnb
01:08  INFO: Extracting files from Armor/
01:08 TRACE: Armor_205.xnb
01:08  INFO: Extracting files from Armor/
01:08 TRACE: Armor_206.xnb
01:08  INFO: Extracting files from Armor/
01:08 TRACE: Armor_207.xnb
01:08  INFO: Extracting files from Armor/
01:08 TRACE: Armor_208.xnb
01:08  INFO: Extracting files from Armor/
01:08 TRACE: Armor_209.xnb
01:08  INFO: Extracting files from Armor/
01:08 TRACE: Armor_21.xnb
01:08  INFO: Extracting files from Armor/
01:08 TRACE: Armor_210.xnb
01:08  INFO: Extracting files from Armor/
01:08 TRACE: Armor_211.xnb
01:08  INFO: Extracting files from Armor/
01:08 TRACE: Armor_212.xnb
01:08  INFO: Extracting files from Armor/
01:08 TRACE: Armor_213.xnb
01:08  INFO: Extracting files from Armor/
01:08 TRACE: Armor_214.xnb
01:08  INFO: Extracting files from Armor/
01:08 TRACE: Armor_215.xnb
01:08  INFO: Extracting files from Armor/
01:08 TRACE: Armor_216.xnb
01:08  INFO: Extracting files from Armor/
01:08 TRACE: Armor_217.xnb
01:08  INFO: Extracting files from Armor/
01:08 TRACE: Armor_218.xnb
01:08  INFO: Extracting files from Armor/
01:08 TRACE: Armor_219.xnb
01:08  INFO: Extracting files from Armor/
01:08 TRACE: Armor_22.xnb
01:08  INFO: Extracting files from Armor/
01:08 TRACE: Armor_220.xnb
01:08  INFO: Extracting files from Armor/
01:08 TRACE: Armor_221.xnb
01:08  INFO: Extracting files from Armor/
01:08 TRACE: Armor_222.xnb
01:08  INFO: Extracting files from Armor/
01:08 TRACE: Armor_223.xnb
01:08  INFO: Extracting files from Armor/
01:08 TRACE: Armor_224.xnb
01:08  INFO: Extracting files from Armor/
01:08 TRACE: Armor_225.xnb
01:08  INFO: Extracting files from Armor/
01:08 TRACE: Armor_226.xnb
01:08  INFO: Extracting files from Armor/
01:08 TRACE: Armor_227.xnb
01:08  INFO: Extracting files from Armor/
01:08 TRACE: Armor_228.xnb
01:08  INFO: Extracting files from Armor/
01:08 TRACE: Armor_229.xnb
01:08  INFO: Extracting files from Armor/
01:08 TRACE: Armor_23.xnb
01:08  INFO: Extracting files from Armor/
01:08 TRACE: Armor_230.xnb
01:08  INFO: Extracting files from Armor/
01:08 TRACE: Armor_231.xnb
01:08  INFO: Extracting files from Armor/
01:08 TRACE: Armor_232.xnb
01:08  INFO: Extracting files from Armor/
01:08 TRACE: Armor_233.xnb
01:08  INFO: Extracting files from Armor/
01:08 TRACE: Armor_234.xnb
01:08  INFO: Extracting files from Armor/
01:08 TRACE: Armor_235.xnb
01:08  INFO: Extracting files from Armor/
01:08 TRACE: Armor_236.xnb
01:08  INFO: Extracting files from Armor/
01:08 TRACE: Armor_237.xnb
01:08  INFO: Extracting files from Armor/
01:08 TRACE: Armor_238.xnb
01:08  INFO: Extracting files from Armor/
01:08 TRACE: Armor_239.xnb
01:08  INFO: Extracting files from Armor/
01:08 TRACE: Armor_24.xnb
01:08  INFO: Extracting files from Armor/
01:08 TRACE: Armor_240.xnb
01:08  INFO: Extracting files from Armor/
01:08 TRACE: Armor_241.xnb
01:08  INFO: Extracting files from Armor/
01:08 TRACE: Armor_242.xnb
01:08  INFO: Extracting files from Armor/
01:08 TRACE: Armor_243.xnb
01:08  INFO: Extracting files from Armor/
01:08 TRACE: Armor_244.xnb
01:08  INFO: Extracting files from Armor/
01:08 TRACE: Armor_245.xnb
01:08  INFO: Extracting files from Armor/
01:08 TRACE: Armor_246.xnb
01:08  INFO: Extracting files from Armor/
01:08 TRACE: Armor_247.xnb
01:08  INFO: Extracting files from Armor/
01:08 TRACE: Armor_248.xnb
01:08  INFO: Extracting files from Armor/
01:08 TRACE: Armor_249.xnb
01:08  INFO: Extracting files from Armor/
01:08 TRACE: Armor_25.xnb
01:08  INFO: Extracting files from Armor/
01:08 TRACE: Armor_250.xnb
01:08  INFO: Extracting files from Armor/
01:08 TRACE: Armor_251.xnb
01:08  INFO: Extracting files from Armor/
01:08 TRACE: Armor_252.xnb
01:09  INFO: Extracting files from Armor/
01:09 TRACE: Armor_253.xnb
01:09  INFO: Extracting files from Armor/
01:09 TRACE: Armor_254.xnb
01:09  INFO: Extracting files from Armor/
01:09 TRACE: Armor_255.xnb
01:09  INFO: Extracting files from Armor/
01:09 TRACE: Armor_256.xnb
01:09  INFO: Extracting files from Armor/
01:09 TRACE: Armor_257.xnb
01:09  INFO: Extracting files from Armor/
01:09 TRACE: Armor_258.xnb
01:09  INFO: Extracting files from Armor/
01:09 TRACE: Armor_259.xnb
01:09  INFO: Extracting files from Armor/
01:09 TRACE: Armor_26.xnb
01:09  INFO: Extracting files from Armor/
01:09 TRACE: Armor_260.xnb
01:09  INFO: Extracting files from Armor/
01:09 TRACE: Armor_261.xnb
01:09  INFO: Extracting files from Armor/
01:09 TRACE: Armor_27.xnb
01:09  INFO: Extracting files from Armor/
01:09 TRACE: Armor_28.xnb
01:09  INFO: Extracting files from Armor/
01:09 TRACE: Armor_29.xnb
01:09  INFO: Extracting files from Armor/
01:09 TRACE: Armor_3.xnb
01:09  INFO: Extracting files from Armor/
01:09 TRACE: Armor_30.xnb
01:09  INFO: Extracting files from Armor/
01:09 TRACE: Armor_31.xnb
01:09  INFO: Extracting files from Armor/
01:09 TRACE: Armor_32.xnb
01:09  INFO: Extracting files from Armor/
01:09 TRACE: Armor_33.xnb
01:09  INFO: Extracting files from Armor/
01:09 TRACE: Armor_34.xnb
01:09  INFO: Extracting files from Armor/
01:09 TRACE: Armor_35.xnb
01:09  INFO: Extracting files from Armor/
01:09 TRACE: Armor_36.xnb
01:09  INFO: Extracting files from Armor/
01:09 TRACE: Armor_37.xnb
01:09  INFO: Extracting files from Armor/
01:09 TRACE: Armor_38.xnb
01:09  INFO: Extracting files from Armor/
01:09 TRACE: Armor_39.xnb
01:09  INFO: Extracting files from Armor/
01:09 TRACE: Armor_4.xnb
01:09  INFO: Extracting files from Armor/
01:09 TRACE: Armor_40.xnb
01:09  INFO: Extracting files from Armor/
01:09 TRACE: Armor_41.xnb
01:09  INFO: Extracting files from Armor/
01:09 TRACE: Armor_42.xnb
01:09  INFO: Extracting files from Armor/
01:09 TRACE: Armor_43.xnb
01:09  INFO: Extracting files from Armor/
01:09 TRACE: Armor_44.xnb
01:09  INFO: Extracting files from Armor/
01:09 TRACE: Armor_45.xnb
01:09  INFO: Extracting files from Armor/
01:09 TRACE: Armor_46.xnb
01:09  INFO: Extracting files from Armor/
01:09 TRACE: Armor_47.xnb
01:09  INFO: Extracting files from Armor/
01:09 TRACE: Armor_48.xnb
01:09  INFO: Extracting files from Armor/
01:09 TRACE: Armor_49.xnb
01:09  INFO: Extracting files from Armor/
01:09 TRACE: Armor_5.xnb
01:09  INFO: Extracting files from Armor/
01:09 TRACE: Armor_50.xnb
01:09  INFO: Extracting files from Armor/
01:09 TRACE: Armor_51.xnb
01:09  INFO: Extracting files from Armor/
01:09 TRACE: Armor_52.xnb
01:09  INFO: Extracting files from Armor/
01:09 TRACE: Armor_53.xnb
01:09  INFO: Extracting files from Armor/
01:09 TRACE: Armor_54.xnb
01:09  INFO: Extracting files from Armor/
01:09 TRACE: Armor_55.xnb
01:09  INFO: Extracting files from Armor/
01:09 TRACE: Armor_56.xnb
01:09  INFO: Extracting files from Armor/
01:09 TRACE: Armor_57.xnb
01:09  INFO: Extracting files from Armor/
01:09 TRACE: Armor_58.xnb
01:09  INFO: Extracting files from Armor/
01:09 TRACE: Armor_59.xnb
01:09  INFO: Extracting files from Armor/
01:09 TRACE: Armor_6.xnb
01:09  INFO: Extracting files from Armor/
01:09 TRACE: Armor_60.xnb
01:09  INFO: Extracting files from Armor/
01:09 TRACE: Armor_61.xnb
01:09  INFO: Extracting files from Armor/
01:09 TRACE: Armor_62.xnb
01:09  INFO: Extracting files from Armor/
01:09 TRACE: Armor_63.xnb
01:09  INFO: Extracting files from Armor/
01:09 TRACE: Armor_64.xnb
01:09  INFO: Extracting files from Armor/
01:09 TRACE: Armor_65.xnb
01:09  INFO: Extracting files from Armor/
01:09 TRACE: Armor_66.xnb
01:09  INFO: Extracting files from Armor/
01:09 TRACE: Armor_67.xnb
01:09  INFO: Extracting files from Armor/
01:09 TRACE: Armor_68.xnb
01:09  INFO: Extracting files from Armor/
01:09 TRACE: Armor_69.xnb
01:09  INFO: Extracting files from Armor/
01:09 TRACE: Armor_7.xnb
01:09  INFO: Extracting files from Armor/
01:09 TRACE: Armor_70.xnb
01:09  INFO: Extracting files from Armor/
01:09 TRACE: Armor_71.xnb
01:09  INFO: Extracting files from Armor/
01:09 TRACE: Armor_72.xnb
01:09  INFO: Extracting files from Armor/
01:09 TRACE: Armor_73.xnb
01:09  INFO: Extracting files from Armor/
01:09 TRACE: Armor_74.xnb
01:09  INFO: Extracting files from Armor/
01:09 TRACE: Armor_75.xnb
01:09  INFO: Extracting files from Armor/
01:09 TRACE: Armor_76.xnb
01:09  INFO: Extracting files from Armor/
01:09 TRACE: Armor_77.xnb
01:09  INFO: Extracting files from Armor/
01:09 TRACE: Armor_78.xnb
01:09  INFO: Extracting files from Armor/
01:09 TRACE: Armor_79.xnb
01:09  INFO: Extracting files from Armor/
01:09 TRACE: Armor_8.xnb
01:09  INFO: Extracting files from Armor/
01:09 TRACE: Armor_80.xnb
01:10  INFO: Extracting files from Armor/
01:10 TRACE: Armor_81.xnb
01:10  INFO: Extracting files from Armor/
01:10 TRACE: Armor_82.xnb
01:10  INFO: Extracting files from Armor/
01:10 TRACE: Armor_83.xnb
01:10  INFO: Extracting files from Armor/
01:10 TRACE: Armor_84.xnb
01:10  INFO: Extracting files from Armor/
01:10 TRACE: Armor_85.xnb
01:10  INFO: Extracting files from Armor/
01:10 TRACE: Armor_86.xnb
01:10  INFO: Extracting files from Armor/
01:10 TRACE: Armor_87.xnb
01:10  INFO: Extracting files from Armor/
01:10 TRACE: Armor_88.xnb
01:10  INFO: Extracting files from Armor/
01:10 TRACE: Armor_89.xnb
01:10  INFO: Extracting files from Armor/
01:10 TRACE: Armor_9.xnb
01:10  INFO: Extracting files from Armor/
01:10 TRACE: Armor_90.xnb
01:10  INFO: Extracting files from Armor/
01:10 TRACE: Armor_91.xnb
01:10  INFO: Extracting files from Armor/
01:10 TRACE: Armor_92.xnb
01:10  INFO: Extracting files from Armor/
01:10 TRACE: Armor_93.xnb
01:10  INFO: Extracting files from Armor/
01:10 TRACE: Armor_94.xnb
01:10  INFO: Extracting files from Armor/
01:10 TRACE: Armor_95.xnb
01:10  INFO: Extracting files from Armor/
01:10 TRACE: Armor_96.xnb
01:10  INFO: Extracting files from Armor/
01:10 TRACE: Armor_97.xnb
01:10  INFO: Extracting files from Armor/
01:10 TRACE: Armor_98.xnb
01:10  INFO: Extracting files from Armor/
01:10 TRACE: Armor_99.xnb
01:16  INFO: Extracting files from Backgrounds/
01:16 TRACE: Ambience
01:16  INFO: Extracting files from Backgrounds\Ambience/
01:16 TRACE: AirBalloons_Large.xnb
01:17  INFO: Extracting files from Backgrounds\Ambience/
01:17 TRACE: AirBalloons_Small.xnb
01:17  INFO: Extracting files from Backgrounds\Ambience/
01:17 TRACE: Bat1.xnb
01:17  INFO: Extracting files from Backgrounds\Ambience/
01:17 TRACE: Bat2.xnb
01:17  INFO: Extracting files from Backgrounds\Ambience/
01:17 TRACE: Bat3.xnb
01:17  INFO: Extracting files from Backgrounds\Ambience/
01:17 TRACE: BirdsVShape.xnb
01:17  INFO: Extracting files from Backgrounds\Ambience/
01:17 TRACE: BoneSerpant.xnb
01:17  INFO: Extracting files from Backgrounds\Ambience/
01:17 TRACE: ButterflySwarm1.xnb
01:17  INFO: Extracting files from Backgrounds\Ambience/
01:17 TRACE: ButterflySwarm2.xnb
01:17  INFO: Extracting files from Backgrounds\Ambience/
01:17 TRACE: Crimera1.xnb
01:17  INFO: Extracting files from Backgrounds\Ambience/
01:17 TRACE: Crimera2.xnb
01:17  INFO: Extracting files from Backgrounds\Ambience/
01:17 TRACE: Crimera3.xnb
01:17  INFO: Extracting files from Backgrounds\Ambience/
01:17 TRACE: EOC.xnb
01:17  INFO: Extracting files from Backgrounds\Ambience/
01:17 TRACE: EOS1.xnb
01:17  INFO: Extracting files from Backgrounds\Ambience/
01:17 TRACE: EOS2.xnb
01:17  INFO: Extracting files from Backgrounds\Ambience/
01:17 TRACE: EOS3.xnb
01:17  INFO: Extracting files from Backgrounds\Ambience/
01:17 TRACE: FlyingShip.xnb
01:17  INFO: Extracting files from Backgrounds\Ambience/
01:17 TRACE: Gastropod.xnb
01:17  INFO: Extracting files from Backgrounds\Ambience/
01:17 TRACE: HellBat1.xnb
01:17  INFO: Extracting files from Backgrounds\Ambience/
01:17 TRACE: HellBat2.xnb
01:17  INFO: Extracting files from Backgrounds\Ambience/
01:17 TRACE: LostKite.xnb
01:17  INFO: Extracting files from Backgrounds\Ambience/
01:17 TRACE: Meteor.xnb
01:17  INFO: Extracting files from Backgrounds\Ambience/
01:17 TRACE: Pegasus.xnb
01:17  INFO: Extracting files from Backgrounds\Ambience/
01:17 TRACE: PixiePosse1.xnb
01:17  INFO: Extracting files from Backgrounds\Ambience/
01:17 TRACE: PixiePosse2.xnb
01:17  INFO: Extracting files from Backgrounds\Ambience/
01:17 TRACE: Seagull.xnb
01:17  INFO: Extracting files from Backgrounds\Ambience/
01:17 TRACE: SlimeBalloons.xnb
01:17  INFO: Extracting files from Backgrounds\Ambience/
01:17 TRACE: Vulture.xnb
01:17  INFO: Extracting files from Backgrounds\Ambience/
01:17 TRACE: Wyvern.xnb
01:17  INFO: Extracting files from Backgrounds/
01:17 TRACE: Underworld 0.xnb
01:17  INFO: Extracting files from Backgrounds/
01:17 TRACE: Underworld 1.xnb
01:17  INFO: Extracting files from Backgrounds/
01:17 TRACE: Underworld 10.xnb
01:17  INFO: Extracting files from Backgrounds/
01:17 TRACE: Underworld 11.xnb
01:17  INFO: Extracting files from Backgrounds/
01:17 TRACE: Underworld 12.xnb
01:17  INFO: Extracting files from Backgrounds/
01:17 TRACE: Underworld 13.xnb
01:17  INFO: Extracting files from Backgrounds/
01:17 TRACE: Underworld 2.xnb
01:17  INFO: Extracting files from Backgrounds/
01:17 TRACE: Underworld 3.xnb
01:17  INFO: Extracting files from Backgrounds/
01:17 TRACE: Underworld 4.xnb
01:17  INFO: Extracting files from Backgrounds/
01:17 TRACE: Underworld 5.xnb
01:17  INFO: Extracting files from Backgrounds/
01:17 TRACE: Underworld 6.xnb
01:18  INFO: Extracting files from Backgrounds/
01:18 TRACE: Underworld 7.xnb
01:18  INFO: Extracting files from Backgrounds/
01:18 TRACE: Underworld 8.xnb
01:18  INFO: Extracting files from Backgrounds/
01:18 TRACE: Underworld 9.xnb
02:44  INFO: Extracting files from Misc/
02:44 TRACE: GolfBallOutline.xnb
02:44  INFO: Extracting files from Misc/
02:44 TRACE: MoonExplosion
02:44  INFO: Extracting files from Misc\MoonExplosion/
02:44 TRACE: Explosion.xnb
02:44  INFO: Extracting files from Misc\MoonExplosion/
02:44 TRACE: Head.xnb
02:44  INFO: Extracting files from Misc\MoonExplosion/
02:44 TRACE: Shoulder.xnb
02:44  INFO: Extracting files from Misc\MoonExplosion/
02:44 TRACE: Spine.xnb
02:44  INFO: Extracting files from Misc\MoonExplosion/
02:44 TRACE: Torso.xnb
02:44  INFO: Extracting files from Misc/
02:44 TRACE: NebulaSky
02:44  INFO: Extracting files from Misc\NebulaSky/
02:44 TRACE: Background.xnb
02:44  INFO: Extracting files from Misc\NebulaSky/
02:44 TRACE: Beam.xnb
02:44  INFO: Extracting files from Misc\NebulaSky/
02:44 TRACE: Planet.xnb
02:45  INFO: Extracting files from Misc\NebulaSky/
02:45 TRACE: Rock_0.xnb
02:45  INFO: Extracting files from Misc\NebulaSky/
02:45 TRACE: Rock_1.xnb
02:45  INFO: Extracting files from Misc\NebulaSky/
02:45 TRACE: Rock_2.xnb
02:45  INFO: Extracting files from Misc/
02:45 TRACE: noise.xnb
02:45  INFO: Extracting files from Misc/
02:45 TRACE: Perlin.xnb
02:45  INFO: Extracting files from Misc/
02:45 TRACE: Ripples.xnb
02:45  INFO: Extracting files from Misc/
02:45 TRACE: Sky_Slime_1.xnb
02:45  INFO: Extracting files from Misc/
02:45 TRACE: Sky_Slime_2.xnb
02:45  INFO: Extracting files from Misc/
02:45 TRACE: Sky_Slime_3.xnb
02:45  INFO: Extracting files from Misc/
02:45 TRACE: Sky_Slime_4.xnb
02:45  INFO: Extracting files from Misc/
02:45 TRACE: SolarSky
02:45  INFO: Extracting files from Misc\SolarSky/
02:45 TRACE: Background.xnb
02:45  INFO: Extracting files from Misc\SolarSky/
02:45 TRACE: Meteor.xnb
02:45  INFO: Extracting files from Misc\SolarSky/
02:45 TRACE: Planet.xnb
02:45  INFO: Extracting files from Misc/
02:45 TRACE: StarDustSky
02:45  INFO: Extracting files from Misc\StarDustSky/
02:45 TRACE: Background.xnb
02:45  INFO: Extracting files from Misc\StarDustSky/
02:45 TRACE: Planet.xnb
02:45  INFO: Extracting files from Misc\StarDustSky/
02:45 TRACE: Star 0.xnb
02:45  INFO: Extracting files from Misc\StarDustSky/
02:45 TRACE: Star 1.xnb
02:45  INFO: Extracting files from Misc/
02:45 TRACE: Sunflare
02:45  INFO: Extracting files from Misc\Sunflare/
02:45 TRACE: colorgradient.xnb
02:45  INFO: Extracting files from Misc\Sunflare/
02:45 TRACE: colorgradientdither.xnb
02:45  INFO: Extracting files from Misc\Sunflare/
02:45 TRACE: flare1.xnb
02:45  INFO: Extracting files from Misc\Sunflare/
02:45 TRACE: flare2.xnb
02:45  INFO: Extracting files from Misc\Sunflare/
02:45 TRACE: Lens
02:45  INFO: Extracting files from Misc\Sunflare\Lens/
02:45 TRACE: Flare1.xnb
02:46  INFO: Extracting files from Misc\Sunflare\Lens/
02:46 TRACE: Flare2.xnb
02:46  INFO: Extracting files from Misc\Sunflare\Lens/
02:46 TRACE: PointBlurry.xnb
02:46  INFO: Extracting files from Misc\Sunflare\Lens/
02:46 TRACE: PointSharp.xnb
02:46  INFO: Extracting files from Misc/
02:46 TRACE: Sunrise
02:46  INFO: Extracting files from Misc\Sunrise/
02:46 TRACE: Sunrise_Aluminum.xnb
02:46  INFO: Extracting files from Misc\Sunrise/
02:46 TRACE: Sunrise_Blue.xnb
02:46  INFO: Extracting files from Misc\Sunrise/
02:46 TRACE: Sunrise_Violet.xnb
02:46  INFO: Extracting files from Misc\Sunrise/
02:46 TRACE: Sunrise_Yellow.xnb
02:46  INFO: Extracting files from Misc/
02:46 TRACE: Sunset
02:46  INFO: Extracting files from Misc\Sunset/
02:46 TRACE: Sunset_Blue.xnb
02:46  INFO: Extracting files from Misc\Sunset/
02:46 TRACE: Sunset_Dark.xnb
02:46  INFO: Extracting files from Misc\Sunset/
02:46 TRACE: Sunset_Pink.xnb
02:46  INFO: Extracting files from Misc\Sunset/
02:46 TRACE: Sunset_Red.xnb
02:46  INFO: Extracting files from Misc/
02:46 TRACE: TileOutlines
02:46  INFO: Extracting files from Misc\TileOutlines/
02:46 TRACE: Tiles_10.xnb
02:46  INFO: Extracting files from Misc\TileOutlines/
02:46 TRACE: Tiles_101.xnb
02:46  INFO: Extracting files from Misc\TileOutlines/
02:46 TRACE: Tiles_102.xnb
02:46  INFO: Extracting files from Misc\TileOutlines/
02:46 TRACE: Tiles_104.xnb
02:47  INFO: Extracting files from Misc\TileOutlines/
02:47 TRACE: Tiles_106.xnb
02:47  INFO: Extracting files from Misc\TileOutlines/
02:47 TRACE: Tiles_11.xnb
02:47  INFO: Extracting files from Misc\TileOutlines/
02:47 TRACE: Tiles_114.xnb
02:47  INFO: Extracting files from Misc\TileOutlines/
02:47 TRACE: Tiles_125.xnb
02:47  INFO: Extracting files from Misc\TileOutlines/
02:47 TRACE: Tiles_132.xnb
02:47  INFO: Extracting files from Misc\TileOutlines/
02:47 TRACE: Tiles_133.xnb
02:47  INFO: Extracting files from Misc\TileOutlines/
02:47 TRACE: Tiles_134.xnb
02:47  INFO: Extracting files from Misc\TileOutlines/
02:47 TRACE: Tiles_136.xnb
02:47  INFO: Extracting files from Misc\TileOutlines/
02:47 TRACE: Tiles_139.xnb
02:47  INFO: Extracting files from Misc\TileOutlines/
02:47 TRACE: Tiles_14.xnb
02:47  INFO: Extracting files from Misc\TileOutlines/
02:47 TRACE: Tiles_144.xnb
02:47  INFO: Extracting files from Misc\TileOutlines/
02:47 TRACE: Tiles_15.xnb
02:47  INFO: Extracting files from Misc\TileOutlines/
02:47 TRACE: Tiles_16.xnb
02:47  INFO: Extracting files from Misc\TileOutlines/
02:47 TRACE: Tiles_17.xnb
02:47  INFO: Extracting files from Misc\TileOutlines/
02:47 TRACE: Tiles_172.xnb
02:47  INFO: Extracting files from Misc\TileOutlines/
02:47 TRACE: Tiles_18.xnb
02:47  INFO: Extracting files from Misc\TileOutlines/
02:47 TRACE: Tiles_207.xnb
02:47  INFO: Extracting files from Misc\TileOutlines/
02:47 TRACE: Tiles_209.xnb
02:47  INFO: Extracting files from Misc\TileOutlines/
02:47 TRACE: Tiles_21.xnb
02:47  INFO: Extracting files from Misc\TileOutlines/
02:47 TRACE: Tiles_212.xnb
02:47  INFO: Extracting files from Misc\TileOutlines/
02:47 TRACE: Tiles_215.xnb
02:47  INFO: Extracting files from Misc\TileOutlines/
02:47 TRACE: Tiles_216.xnb
02:47  INFO: Extracting files from Misc\TileOutlines/
02:47 TRACE: Tiles_217.xnb
02:47  INFO: Extracting files from Misc\TileOutlines/
02:47 TRACE: Tiles_218.xnb
02:47  INFO: Extracting files from Misc\TileOutlines/
02:47 TRACE: Tiles_220.xnb
02:47  INFO: Extracting files from Misc\TileOutlines/
02:47 TRACE: Tiles_228.xnb
02:47  INFO: Extracting files from Misc\TileOutlines/
02:47 TRACE: Tiles_237.xnb
02:47  INFO: Extracting files from Misc\TileOutlines/
02:47 TRACE: Tiles_243.xnb
02:47  INFO: Extracting files from Misc\TileOutlines/
02:47 TRACE: Tiles_247.xnb
02:47  INFO: Extracting files from Misc\TileOutlines/
02:47 TRACE: Tiles_26.xnb
02:47  INFO: Extracting files from Misc\TileOutlines/
02:47 TRACE: Tiles_283.xnb
02:47  INFO: Extracting files from Misc\TileOutlines/
02:47 TRACE: Tiles_287.xnb
02:47  INFO: Extracting files from Misc\TileOutlines/
02:47 TRACE: Tiles_29.xnb
02:47  INFO: Extracting files from Misc\TileOutlines/
02:47 TRACE: Tiles_300.xnb
02:47  INFO: Extracting files from Misc\TileOutlines/
02:47 TRACE: Tiles_301.xnb
02:47  INFO: Extracting files from Misc\TileOutlines/
02:47 TRACE: Tiles_302.xnb
02:47  INFO: Extracting files from Misc\TileOutlines/
02:47 TRACE: Tiles_303.xnb
02:47  INFO: Extracting files from Misc\TileOutlines/
02:47 TRACE: Tiles_304.xnb
02:47  INFO: Extracting files from Misc\TileOutlines/
02:47 TRACE: Tiles_305.xnb
02:47  INFO: Extracting files from Misc\TileOutlines/
02:47 TRACE: Tiles_306.xnb
02:47  INFO: Extracting files from Misc\TileOutlines/
02:47 TRACE: Tiles_307.xnb
02:47  INFO: Extracting files from Misc\TileOutlines/
02:47 TRACE: Tiles_308.xnb
02:47  INFO: Extracting files from Misc\TileOutlines/
02:47 TRACE: Tiles_335.xnb
02:47  INFO: Extracting files from Misc\TileOutlines/
02:47 TRACE: Tiles_338.xnb
02:47  INFO: Extracting files from Misc\TileOutlines/
02:47 TRACE: Tiles_354.xnb
02:47  INFO: Extracting files from Misc\TileOutlines/
02:47 TRACE: Tiles_355.xnb
02:47  INFO: Extracting files from Misc\TileOutlines/
02:47 TRACE: Tiles_356.xnb
02:47  INFO: Extracting files from Misc\TileOutlines/
02:47 TRACE: Tiles_377.xnb
02:47  INFO: Extracting files from Misc\TileOutlines/
02:47 TRACE: Tiles_386.xnb
02:47  INFO: Extracting files from Misc\TileOutlines/
02:47 TRACE: Tiles_387.xnb
02:47  INFO: Extracting files from Misc\TileOutlines/
02:47 TRACE: Tiles_388.xnb
02:47  INFO: Extracting files from Misc\TileOutlines/
02:47 TRACE: Tiles_389.xnb
02:47  INFO: Extracting files from Misc\TileOutlines/
02:47 TRACE: Tiles_410.xnb
02:47  INFO: Extracting files from Misc\TileOutlines/
02:47 TRACE: Tiles_411.xnb
02:47  INFO: Extracting files from Misc\TileOutlines/
02:47 TRACE: Tiles_412.xnb
02:47  INFO: Extracting files from Misc\TileOutlines/
02:47 TRACE: Tiles_425.xnb
02:47  INFO: Extracting files from Misc\TileOutlines/
02:47 TRACE: Tiles_441.xnb
02:47  INFO: Extracting files from Misc\TileOutlines/
02:47 TRACE: Tiles_455.xnb
02:47  INFO: Extracting files from Misc\TileOutlines/
02:47 TRACE: Tiles_463.xnb
02:47  INFO: Extracting files from Misc\TileOutlines/
02:47 TRACE: Tiles_464.xnb
02:47  INFO: Extracting files from Misc\TileOutlines/
02:47 TRACE: Tiles_467.xnb
02:47  INFO: Extracting files from Misc\TileOutlines/
02:47 TRACE: Tiles_468.xnb
02:47  INFO: Extracting files from Misc\TileOutlines/
02:47 TRACE: Tiles_469.xnb
02:47  INFO: Extracting files from Misc\TileOutlines/
02:47 TRACE: Tiles_470.xnb
02:47  INFO: Extracting files from Misc\TileOutlines/
02:47 TRACE: Tiles_475.xnb
02:47  INFO: Extracting files from Misc\TileOutlines/
02:47 TRACE: Tiles_480.xnb
02:47  INFO: Extracting files from Misc\TileOutlines/
02:47 TRACE: Tiles_487.xnb
02:47  INFO: Extracting files from Misc\TileOutlines/
02:47 TRACE: Tiles_494.xnb
02:47  INFO: Extracting files from Misc\TileOutlines/
02:47 TRACE: Tiles_497.xnb
02:48  INFO: Extracting files from Misc\TileOutlines/
02:48 TRACE: Tiles_499.xnb
02:48  INFO: Extracting files from Misc\TileOutlines/
02:48 TRACE: Tiles_509.xnb
02:48  INFO: Extracting files from Misc\TileOutlines/
02:48 TRACE: Tiles_510.xnb
02:48  INFO: Extracting files from Misc\TileOutlines/
02:48 TRACE: Tiles_511.xnb
02:48  INFO: Extracting files from Misc\TileOutlines/
02:48 TRACE: Tiles_55.xnb
02:48  INFO: Extracting files from Misc\TileOutlines/
02:48 TRACE: Tiles_621.xnb
02:48  INFO: Extracting files from Misc\TileOutlines/
02:48 TRACE: Tiles_622.xnb
02:48  INFO: Extracting files from Misc\TileOutlines/
02:48 TRACE: Tiles_657.xnb
02:48  INFO: Extracting files from Misc\TileOutlines/
02:48 TRACE: Tiles_658.xnb
02:48  INFO: Extracting files from Misc\TileOutlines/
02:48 TRACE: Tiles_663.xnb
02:48  INFO: Extracting files from Misc\TileOutlines/
02:48 TRACE: Tiles_699.xnb
02:48  INFO: Extracting files from Misc\TileOutlines/
02:48 TRACE: Tiles_720.xnb
02:48  INFO: Extracting files from Misc\TileOutlines/
02:48 TRACE: Tiles_721.xnb
02:48  INFO: Extracting files from Misc\TileOutlines/
02:48 TRACE: Tiles_725.xnb
02:48  INFO: Extracting files from Misc\TileOutlines/
02:48 TRACE: Tiles_733.xnb
02:48  INFO: Extracting files from Misc\TileOutlines/
02:48 TRACE: Tiles_77.xnb
02:48  INFO: Extracting files from Misc\TileOutlines/
02:48 TRACE: Tiles_79.xnb
02:48  INFO: Extracting files from Misc\TileOutlines/
02:48 TRACE: Tiles_85.xnb
02:48  INFO: Extracting files from Misc\TileOutlines/
02:48 TRACE: Tiles_86.xnb
02:48  INFO: Extracting files from Misc\TileOutlines/
02:48 TRACE: Tiles_88.xnb
02:48  INFO: Extracting files from Misc\TileOutlines/
02:48 TRACE: Tiles_89.xnb
02:48  INFO: Extracting files from Misc\TileOutlines/
02:48 TRACE: Tiles_94.xnb
02:48  INFO: Extracting files from Misc\TileOutlines/
02:48 TRACE: Tiles_96.xnb
02:48  INFO: Extracting files from Misc\TileOutlines/
02:48 TRACE: Tiles_97.xnb
02:48  INFO: Extracting files from Misc/
02:48 TRACE: VortexSky
02:48  INFO: Extracting files from Misc\VortexSky/
02:48 TRACE: Background.xnb
02:48  INFO: Extracting files from Misc\VortexSky/
02:48 TRACE: Bolt.xnb
02:48  INFO: Extracting files from Misc\VortexSky/
02:48 TRACE: Flash.xnb
02:48  INFO: Extracting files from Misc\VortexSky/
02:48 TRACE: Planet.xnb
02:48  INFO: Extracting files from Misc/
02:48 TRACE: water_0.xnb
02:48  INFO: Extracting files from Misc/
02:48 TRACE: water_1.xnb
02:48  INFO: Extracting files from Misc/
02:48 TRACE: water_10.xnb
02:48  INFO: Extracting files from Misc/
02:48 TRACE: water_11.xnb
02:48  INFO: Extracting files from Misc/
02:48 TRACE: water_12.xnb
02:48  INFO: Extracting files from Misc/
02:48 TRACE: water_13.xnb
02:48  INFO: Extracting files from Misc/
02:48 TRACE: water_14.xnb
02:48  INFO: Extracting files from Misc/
02:48 TRACE: water_2.xnb
02:48  INFO: Extracting files from Misc/
02:48 TRACE: water_3.xnb
02:48  INFO: Extracting files from Misc/
02:48 TRACE: water_4.xnb
02:48  INFO: Extracting files from Misc/
02:48 TRACE: water_5.xnb
02:48  INFO: Extracting files from Misc/
02:48 TRACE: water_6.xnb
02:48  INFO: Extracting files from Misc/
02:48 TRACE: water_7.xnb
02:48  INFO: Extracting files from Misc/
02:48 TRACE: water_8.xnb
02:48  INFO: Extracting files from Misc/
02:48 TRACE: water_9.xnb
03:15  INFO: Extracting files from SplashScreens/
03:15 TRACE: ResonanceArray.xnb
03:15  INFO: Extracting files from SplashScreens/
03:15 TRACE: Splash_0.xnb
03:15  INFO: Extracting files from SplashScreens/
03:15 TRACE: Splash_1.xnb
03:16  INFO: Extracting files from SplashScreens/
03:16 TRACE: Splash_10_0.xnb
03:16  INFO: Extracting files from SplashScreens/
03:16 TRACE: Splash_10_1.xnb
03:16  INFO: Extracting files from SplashScreens/
03:16 TRACE: Splash_10_2.xnb
03:16  INFO: Extracting files from SplashScreens/
03:16 TRACE: Splash_1_0.xnb
03:16  INFO: Extracting files from SplashScreens/
03:16 TRACE: Splash_1_1.xnb
03:16  INFO: Extracting files from SplashScreens/
03:16 TRACE: Splash_1_2.xnb
03:16  INFO: Extracting files from SplashScreens/
03:16 TRACE: Splash_2_0.xnb
03:16  INFO: Extracting files from SplashScreens/
03:16 TRACE: Splash_2_1.xnb
03:16  INFO: Extracting files from SplashScreens/
03:16 TRACE: Splash_2_2.xnb
03:16  INFO: Extracting files from SplashScreens/
03:16 TRACE: Splash_3_0.xnb
03:17  INFO: Extracting files from SplashScreens/
03:17 TRACE: Splash_3_1.xnb
03:17  INFO: Extracting files from SplashScreens/
03:17 TRACE: Splash_3_2.xnb
03:17  INFO: Extracting files from SplashScreens/
03:17 TRACE: Splash_4_0.xnb
03:17  INFO: Extracting files from SplashScreens/
03:17 TRACE: Splash_4_1.xnb
03:17  INFO: Extracting files from SplashScreens/
03:17 TRACE: Splash_4_2.xnb
03:17  INFO: Extracting files from SplashScreens/
03:17 TRACE: Splash_5_0.xnb
03:17  INFO: Extracting files from SplashScreens/
03:17 TRACE: Splash_5_1.xnb
03:17  INFO: Extracting files from SplashScreens/
03:17 TRACE: Splash_5_2.xnb
03:17  INFO: Extracting files from SplashScreens/
03:17 TRACE: Splash_6_0.xnb
03:18  INFO: Extracting files from SplashScreens/
03:18 TRACE: Splash_6_1.xnb
03:18  INFO: Extracting files from SplashScreens/
03:18 TRACE: Splash_6_2.xnb
03:18  INFO: Extracting files from SplashScreens/
03:18 TRACE: Splash_7_0.xnb
03:18  INFO: Extracting files from SplashScreens/
03:18 TRACE: Splash_7_1.xnb
03:18  INFO: Extracting files from SplashScreens/
03:18 TRACE: Splash_7_2.xnb
03:18  INFO: Extracting files from SplashScreens/
03:18 TRACE: Splash_8_0.xnb
03:18  INFO: Extracting files from SplashScreens/
03:18 TRACE: Splash_8_1.xnb
03:18  INFO: Extracting files from SplashScreens/
03:18 TRACE: Splash_8_2.xnb
03:18  INFO: Extracting files from SplashScreens/
03:18 TRACE: Splash_9_0.xnb
03:19  INFO: Extracting files from SplashScreens/
03:19 TRACE: Splash_9_1.xnb
03:19  INFO: Extracting files from SplashScreens/
03:19 TRACE: Splash_9_2.xnb
03:23  INFO: Extracting files from TownNPCs/
03:23 TRACE: Angler_Default.xnb
03:23  INFO: Extracting files from TownNPCs/
03:23 TRACE: Angler_Default_Party.xnb
03:23  INFO: Extracting files from TownNPCs/
03:23 TRACE: ArmsDealer_Default.xnb
03:23  INFO: Extracting files from TownNPCs/
03:23 TRACE: BestiaryGirl_Default.xnb
03:23  INFO: Extracting files from TownNPCs/
03:23 TRACE: BestiaryGirl_Default_Credits.xnb
03:23  INFO: Extracting files from TownNPCs/
03:23 TRACE: BestiaryGirl_Default_Transformed.xnb
03:23  INFO: Extracting files from TownNPCs/
03:23 TRACE: Bunny_Angora.xnb
03:23  INFO: Extracting files from TownNPCs/
03:23 TRACE: Bunny_Dutch.xnb
03:23  INFO: Extracting files from TownNPCs/
03:23 TRACE: Bunny_Flemish.xnb
03:23  INFO: Extracting files from TownNPCs/
03:23 TRACE: Bunny_Lop.xnb
03:23  INFO: Extracting files from TownNPCs/
03:23 TRACE: Bunny_Silver.xnb
03:23  INFO: Extracting files from TownNPCs/
03:23 TRACE: Bunny_White.xnb
03:23  INFO: Extracting files from TownNPCs/
03:23 TRACE: Cat_Black.xnb
03:23  INFO: Extracting files from TownNPCs/
03:23 TRACE: Cat_OrangeTabby.xnb
03:23  INFO: Extracting files from TownNPCs/
03:23 TRACE: Cat_RussianBlue.xnb
03:23  INFO: Extracting files from TownNPCs/
03:23 TRACE: Cat_Siamese.xnb
03:23  INFO: Extracting files from TownNPCs/
03:23 TRACE: Cat_Silver.xnb
03:23  INFO: Extracting files from TownNPCs/
03:23 TRACE: Cat_White.xnb
03:23  INFO: Extracting files from TownNPCs/
03:23 TRACE: Clothier_Default.xnb
03:23  INFO: Extracting files from TownNPCs/
03:23 TRACE: Clothier_Default_Party.xnb
03:23  INFO: Extracting files from TownNPCs/
03:23 TRACE: Cyborg_Default.xnb
03:23  INFO: Extracting files from TownNPCs/
03:23 TRACE: Cyborg_Default_Party.xnb
03:23  INFO: Extracting files from TownNPCs/
03:23 TRACE: Demolitionist_Default.xnb
03:23  INFO: Extracting files from TownNPCs/
03:23 TRACE: Demolitionist_Default_Party.xnb
03:23  INFO: Extracting files from TownNPCs/
03:23 TRACE: Dog_Beagle.xnb
03:23  INFO: Extracting files from TownNPCs/
03:23 TRACE: Dog_Corgi.xnb
03:23  INFO: Extracting files from TownNPCs/
03:23 TRACE: Dog_Dalmation.xnb
03:23  INFO: Extracting files from TownNPCs/
03:23 TRACE: Dog_Husky.xnb
03:23  INFO: Extracting files from TownNPCs/
03:23 TRACE: Dog_Labrador.xnb
03:23  INFO: Extracting files from TownNPCs/
03:23 TRACE: Dog_PitBull.xnb
03:23  INFO: Extracting files from TownNPCs/
03:23 TRACE: Dryad_Default.xnb
03:23  INFO: Extracting files from TownNPCs/
03:23 TRACE: DyeTrader_Default.xnb
03:23  INFO: Extracting files from TownNPCs/
03:23 TRACE: DyeTrader_Default_Party.xnb
03:23  INFO: Extracting files from TownNPCs/
03:23 TRACE: GoblinTinkerer_Default.xnb
03:24  INFO: Extracting files from TownNPCs/
03:24 TRACE: Golfer_Default.xnb
03:24  INFO: Extracting files from TownNPCs/
03:24 TRACE: Golfer_Default_Party.xnb
03:24  INFO: Extracting files from TownNPCs/
03:24 TRACE: Guide_Default.xnb
03:24  INFO: Extracting files from TownNPCs/
03:24 TRACE: Mechanic_Default.xnb
03:24  INFO: Extracting files from TownNPCs/
03:24 TRACE: Mechanic_Default_Party.xnb
03:24  INFO: Extracting files from TownNPCs/
03:24 TRACE: Merchant_Default.xnb
03:24  INFO: Extracting files from TownNPCs/
03:24 TRACE: Merchant_Default_Party.xnb
03:24  INFO: Extracting files from TownNPCs/
03:24 TRACE: Nurse_Default.xnb
03:24  INFO: Extracting files from TownNPCs/
03:24 TRACE: Nurse_Default_Party.xnb
03:24  INFO: Extracting files from TownNPCs/
03:24 TRACE: OldMan_Default.xnb
03:24  INFO: Extracting files from TownNPCs/
03:24 TRACE: Painter_Default.xnb
03:24  INFO: Extracting files from TownNPCs/
03:24 TRACE: Painter_Default_Party.xnb
03:24  INFO: Extracting files from TownNPCs/
03:24 TRACE: PartyGirl_Default.xnb
03:24  INFO: Extracting files from TownNPCs/
03:24 TRACE: Pirate_Default.xnb
03:24  INFO: Extracting files from TownNPCs/
03:24 TRACE: Pirate_Default_Party.xnb
03:24  INFO: Extracting files from TownNPCs/
03:24 TRACE: Portraits
03:24  INFO: Extracting files from TownNPCs\Portraits/
03:24 TRACE: Portrait_Angler.xnb
03:24  INFO: Extracting files from TownNPCs\Portraits/
03:24 TRACE: Portrait_Angler_shimmer.xnb
03:24  INFO: Extracting files from TownNPCs\Portraits/
03:24 TRACE: Portrait_ArmsDealer.xnb
03:24  INFO: Extracting files from TownNPCs\Portraits/
03:24 TRACE: Portrait_ArmsDealer_shimmer.xnb
03:24  INFO: Extracting files from TownNPCs\Portraits/
03:24 TRACE: Portrait_Bunny_Angora.xnb
03:24  INFO: Extracting files from TownNPCs\Portraits/
03:24 TRACE: Portrait_Bunny_Dutch.xnb
03:24  INFO: Extracting files from TownNPCs\Portraits/
03:24 TRACE: Portrait_Bunny_Flemish.xnb
03:24  INFO: Extracting files from TownNPCs\Portraits/
03:24 TRACE: Portrait_Bunny_Lop.xnb
03:24  INFO: Extracting files from TownNPCs\Portraits/
03:24 TRACE: Portrait_Bunny_Silver.xnb
03:24  INFO: Extracting files from TownNPCs\Portraits/
03:24 TRACE: Portrait_Bunny_White.xnb
03:24  INFO: Extracting files from TownNPCs\Portraits/
03:24 TRACE: Portrait_Cat_Black.xnb
03:24  INFO: Extracting files from TownNPCs\Portraits/
03:24 TRACE: Portrait_Cat_Orangetabby.xnb
03:24  INFO: Extracting files from TownNPCs\Portraits/
03:24 TRACE: Portrait_Cat_RussianBlue.xnb
03:24  INFO: Extracting files from TownNPCs\Portraits/
03:24 TRACE: Portrait_Cat_Siamese.xnb
03:24  INFO: Extracting files from TownNPCs\Portraits/
03:24 TRACE: Portrait_Cat_Silver.xnb
03:24  INFO: Extracting files from TownNPCs\Portraits/
03:24 TRACE: Portrait_Cat_White.xnb
03:24  INFO: Extracting files from TownNPCs\Portraits/
03:24 TRACE: Portrait_Clothier.xnb
03:24  INFO: Extracting files from TownNPCs\Portraits/
03:24 TRACE: Portrait_Clothier_shimmer.xnb
03:24  INFO: Extracting files from TownNPCs\Portraits/
03:24 TRACE: Portrait_Cyborg.xnb
03:24  INFO: Extracting files from TownNPCs\Portraits/
03:24 TRACE: Portrait_Cyborg_shimmer.xnb
03:24  INFO: Extracting files from TownNPCs\Portraits/
03:24 TRACE: Portrait_Demolitionist.xnb
03:24  INFO: Extracting files from TownNPCs\Portraits/
03:24 TRACE: Portrait_Demolitionist_shimmer.xnb
03:24  INFO: Extracting files from TownNPCs\Portraits/
03:24 TRACE: Portrait_Dog_Beagle.xnb
03:24  INFO: Extracting files from TownNPCs\Portraits/
03:24 TRACE: Portrait_Dog_Corgi.xnb
03:24  INFO: Extracting files from TownNPCs\Portraits/
03:24 TRACE: Portrait_Dog_Dalmatian.xnb
03:24  INFO: Extracting files from TownNPCs\Portraits/
03:24 TRACE: Portrait_Dog_Husky.xnb
03:24  INFO: Extracting files from TownNPCs\Portraits/
03:24 TRACE: Portrait_Dog_Labrador.xnb
03:24  INFO: Extracting files from TownNPCs\Portraits/
03:24 TRACE: Portrait_Dog_PitBull.xnb
03:24  INFO: Extracting files from TownNPCs\Portraits/
03:24 TRACE: Portrait_Dryad.xnb
03:24  INFO: Extracting files from TownNPCs\Portraits/
03:24 TRACE: Portrait_Dryad_shimmer.xnb
03:24  INFO: Extracting files from TownNPCs\Portraits/
03:24 TRACE: Portrait_DyeTrader.xnb
03:24  INFO: Extracting files from TownNPCs\Portraits/
03:24 TRACE: Portrait_DyeTrader_shimmer.xnb
03:24  INFO: Extracting files from TownNPCs\Portraits/
03:24 TRACE: Portrait_GoblinTinkerer.xnb
03:24  INFO: Extracting files from TownNPCs\Portraits/
03:24 TRACE: Portrait_GoblinTinkerer_shimmer.xnb
03:24  INFO: Extracting files from TownNPCs\Portraits/
03:24 TRACE: Portrait_Golfer.xnb
03:24  INFO: Extracting files from TownNPCs\Portraits/
03:24 TRACE: Portrait_Golfer_shimmer.xnb
03:24  INFO: Extracting files from TownNPCs\Portraits/
03:24 TRACE: Portrait_Guide.xnb
03:24  INFO: Extracting files from TownNPCs\Portraits/
03:24 TRACE: Portrait_Guide_shimmer.xnb
03:24  INFO: Extracting files from TownNPCs\Portraits/
03:24 TRACE: Portrait_Mechanic.xnb
03:24  INFO: Extracting files from TownNPCs\Portraits/
03:24 TRACE: Portrait_Mechanic_shimmer.xnb
03:24  INFO: Extracting files from TownNPCs\Portraits/
03:24 TRACE: Portrait_Merchant.xnb
03:24  INFO: Extracting files from TownNPCs\Portraits/
03:24 TRACE: Portrait_Merchant_shimmer.xnb
03:24  INFO: Extracting files from TownNPCs\Portraits/
03:24 TRACE: Portrait_Nurse.xnb
03:25  INFO: Extracting files from TownNPCs\Portraits/
03:25 TRACE: Portrait_Nurse_shimmer.xnb
03:25  INFO: Extracting files from TownNPCs\Portraits/
03:25 TRACE: Portrait_OldMan.xnb
03:25  INFO: Extracting files from TownNPCs\Portraits/
03:25 TRACE: Portrait_OldMan_shimmer.xnb
03:25  INFO: Extracting files from TownNPCs\Portraits/
03:25 TRACE: Portrait_Painter.xnb
03:25  INFO: Extracting files from TownNPCs\Portraits/
03:25 TRACE: Portrait_Painter_shimmer.xnb
03:25  INFO: Extracting files from TownNPCs\Portraits/
03:25 TRACE: Portrait_PartyGirl.xnb
03:25  INFO: Extracting files from TownNPCs\Portraits/
03:25 TRACE: Portrait_PartyGirl_shimmer.xnb
03:25  INFO: Extracting files from TownNPCs\Portraits/
03:25 TRACE: Portrait_Pirate.xnb
03:25  INFO: Extracting files from TownNPCs\Portraits/
03:25 TRACE: Portrait_Pirate_shimmer.xnb
03:25  INFO: Extracting files from TownNPCs\Portraits/
03:25 TRACE: Portrait_Princess.xnb
03:25  INFO: Extracting files from TownNPCs\Portraits/
03:25 TRACE: Portrait_Princess_shimmer.xnb
03:25  INFO: Extracting files from TownNPCs\Portraits/
03:25 TRACE: Portrait_Santa.xnb
03:25  INFO: Extracting files from TownNPCs\Portraits/
03:25 TRACE: Portrait_Santa_shimmer.xnb
03:25  INFO: Extracting files from TownNPCs\Portraits/
03:25 TRACE: Portrait_SkeletonMerchant.xnb
03:25  INFO: Extracting files from TownNPCs\Portraits/
03:25 TRACE: Portrait_SkeletonMerchant_shimmer.xnb
03:25  INFO: Extracting files from TownNPCs\Portraits/
03:25 TRACE: Portrait_SlimeClumsy.xnb
03:25  INFO: Extracting files from TownNPCs\Portraits/
03:25 TRACE: Portrait_SlimeCool.xnb
03:25  INFO: Extracting files from TownNPCs\Portraits/
03:25 TRACE: Portrait_SlimeDiva.xnb
03:25  INFO: Extracting files from TownNPCs\Portraits/
03:25 TRACE: Portrait_SlimeElder.xnb
03:25  INFO: Extracting files from TownNPCs\Portraits/
03:25 TRACE: Portrait_SlimeMystic.xnb
03:25  INFO: Extracting files from TownNPCs\Portraits/
03:25 TRACE: Portrait_SlimeNerdy.xnb
03:25  INFO: Extracting files from TownNPCs\Portraits/
03:25 TRACE: Portrait_SlimeSquire.xnb
03:25  INFO: Extracting files from TownNPCs\Portraits/
03:25 TRACE: Portrait_SlimeSurly.xnb
03:25  INFO: Extracting files from TownNPCs\Portraits/
03:25 TRACE: Portrait_Steampunker.xnb
03:25  INFO: Extracting files from TownNPCs\Portraits/
03:25 TRACE: Portrait_Steampunker_shimmer.xnb
03:25  INFO: Extracting files from TownNPCs\Portraits/
03:25 TRACE: Portrait_Stylist.xnb
03:25  INFO: Extracting files from TownNPCs\Portraits/
03:25 TRACE: Portrait_Stylist_shimmer.xnb
03:25  INFO: Extracting files from TownNPCs\Portraits/
03:25 TRACE: Portrait_Tavernkeep.xnb
03:25  INFO: Extracting files from TownNPCs\Portraits/
03:25 TRACE: Portrait_Tavernkeep_shimmer.xnb
03:25  INFO: Extracting files from TownNPCs\Portraits/
03:25 TRACE: Portrait_TaxCollector.xnb
03:25  INFO: Extracting files from TownNPCs\Portraits/
03:25 TRACE: Portrait_TaxCollector_shimmer.xnb
03:25  INFO: Extracting files from TownNPCs\Portraits/
03:25 TRACE: Portrait_TravellingMerchant.xnb
03:25  INFO: Extracting files from TownNPCs\Portraits/
03:25 TRACE: Portrait_TravellingMerchant_shimmer.xnb
03:25  INFO: Extracting files from TownNPCs\Portraits/
03:25 TRACE: Portrait_Truffle.xnb
03:25  INFO: Extracting files from TownNPCs\Portraits/
03:25 TRACE: Portrait_Truffle_shimmer.xnb
03:25  INFO: Extracting files from TownNPCs\Portraits/
03:25 TRACE: Portrait_Window.xnb
03:25  INFO: Extracting files from TownNPCs\Portraits/
03:25 TRACE: Portrait_WitchDoctor.xnb
03:25  INFO: Extracting files from TownNPCs\Portraits/
03:25 TRACE: Portrait_WitchDoctor_shimmer.xnb
03:25  INFO: Extracting files from TownNPCs\Portraits/
03:25 TRACE: Portrait_Wizard.xnb
03:25  INFO: Extracting files from TownNPCs\Portraits/
03:25 TRACE: Portrait_Wizard_shimmer.xnb
03:25  INFO: Extracting files from TownNPCs\Portraits/
03:25 TRACE: Portrait_Zoologista.xnb
03:25  INFO: Extracting files from TownNPCs\Portraits/
03:25 TRACE: Portrait_Zoologista_shimmer.xnb
03:25  INFO: Extracting files from TownNPCs\Portraits/
03:25 TRACE: Portrait_Zoologistb.xnb
03:25  INFO: Extracting files from TownNPCs\Portraits/
03:25 TRACE: Portrait_Zoologistb_shimmer.xnb
03:25  INFO: Extracting files from TownNPCs/
03:25 TRACE: Princess_Default.xnb
03:25  INFO: Extracting files from TownNPCs/
03:25 TRACE: Princess_Default_Party.xnb
03:25  INFO: Extracting files from TownNPCs/
03:25 TRACE: Santa_Default.xnb
03:25  INFO: Extracting files from TownNPCs/
03:25 TRACE: Santa_Default_Party.xnb
03:25  INFO: Extracting files from TownNPCs/
03:25 TRACE: Shimmered
03:25  INFO: Extracting files from TownNPCs\Shimmered/
03:25 TRACE: Angler_Default.xnb
03:25  INFO: Extracting files from TownNPCs\Shimmered/
03:25 TRACE: ArmsDealer_Default.xnb
03:25  INFO: Extracting files from TownNPCs\Shimmered/
03:25 TRACE: BestiaryGirl_Default.xnb
03:25  INFO: Extracting files from TownNPCs\Shimmered/
03:25 TRACE: BestiaryGirl_Default_Transformed.xnb
03:25  INFO: Extracting files from TownNPCs\Shimmered/
03:25 TRACE: Clothier_Default.xnb
03:25  INFO: Extracting files from TownNPCs\Shimmered/
03:25 TRACE: Cyborg_Default.xnb
03:25  INFO: Extracting files from TownNPCs\Shimmered/
03:25 TRACE: Cyborg_Default_Party.xnb
03:25  INFO: Extracting files from TownNPCs\Shimmered/
03:25 TRACE: Demolitionist_Default.xnb
03:25  INFO: Extracting files from TownNPCs\Shimmered/
03:25 TRACE: Demolitionist_Default_Party.xnb
03:25  INFO: Extracting files from TownNPCs\Shimmered/
03:25 TRACE: Dryad_Default.xnb
03:26  INFO: Extracting files from TownNPCs\Shimmered/
03:26 TRACE: DyeTrader_Default.xnb
03:26  INFO: Extracting files from TownNPCs\Shimmered/
03:26 TRACE: DyeTrader_Default_Party.xnb
03:26  INFO: Extracting files from TownNPCs\Shimmered/
03:26 TRACE: GoblinTinkerer_Default.xnb
03:26  INFO: Extracting files from TownNPCs\Shimmered/
03:26 TRACE: Golfer_Default.xnb
03:26  INFO: Extracting files from TownNPCs\Shimmered/
03:26 TRACE: Guide_Default.xnb
03:26  INFO: Extracting files from TownNPCs\Shimmered/
03:26 TRACE: Mechanic_Default.xnb
03:26  INFO: Extracting files from TownNPCs\Shimmered/
03:26 TRACE: Mechanic_Default_Party.xnb
03:26  INFO: Extracting files from TownNPCs\Shimmered/
03:26 TRACE: Merchant_Default.xnb
03:26  INFO: Extracting files from TownNPCs\Shimmered/
03:26 TRACE: Merchant_Default_Party.xnb
03:26  INFO: Extracting files from TownNPCs\Shimmered/
03:26 TRACE: Nurse_Default.xnb
03:26  INFO: Extracting files from TownNPCs\Shimmered/
03:26 TRACE: Nurse_Default_Party.xnb
03:26  INFO: Extracting files from TownNPCs\Shimmered/
03:26 TRACE: OldMan_Default.xnb
03:26  INFO: Extracting files from TownNPCs\Shimmered/
03:26 TRACE: Painter_Default.xnb
03:26  INFO: Extracting files from TownNPCs\Shimmered/
03:26 TRACE: PartyGirl_Default.xnb
03:26  INFO: Extracting files from TownNPCs\Shimmered/
03:26 TRACE: Pirate_Default.xnb
03:26  INFO: Extracting files from TownNPCs\Shimmered/
03:26 TRACE: Pirate_Default_Party.xnb
03:26  INFO: Extracting files from TownNPCs\Shimmered/
03:26 TRACE: Princess_Default.xnb
03:26  INFO: Extracting files from TownNPCs\Shimmered/
03:26 TRACE: Princess_Default_Party.xnb
03:26  INFO: Extracting files from TownNPCs\Shimmered/
03:26 TRACE: Santa_Default.xnb
03:26  INFO: Extracting files from TownNPCs\Shimmered/
03:26 TRACE: Santa_Default_Party.xnb
03:26  INFO: Extracting files from TownNPCs\Shimmered/
03:26 TRACE: SkeletonMerchant_Default.xnb
03:26  INFO: Extracting files from TownNPCs\Shimmered/
03:26 TRACE: SkeletonMerchant_Default_Party.xnb
03:26  INFO: Extracting files from TownNPCs\Shimmered/
03:26 TRACE: Steampunker_Default.xnb
03:26  INFO: Extracting files from TownNPCs\Shimmered/
03:26 TRACE: Stylist_Default.xnb
03:26  INFO: Extracting files from TownNPCs\Shimmered/
03:26 TRACE: Stylist_Default_Party.xnb
03:26  INFO: Extracting files from TownNPCs\Shimmered/
03:26 TRACE: Tavernkeep_Default.xnb
03:26  INFO: Extracting files from TownNPCs\Shimmered/
03:26 TRACE: TaxCollector_Default.xnb
03:26  INFO: Extracting files from TownNPCs\Shimmered/
03:26 TRACE: TaxCollector_Default_Party.xnb
03:26  INFO: Extracting files from TownNPCs\Shimmered/
03:26 TRACE: TravelingMerchant_Default.xnb
03:26  INFO: Extracting files from TownNPCs\Shimmered/
03:26 TRACE: TravelingMerchant_Default_Party.xnb
03:26  INFO: Extracting files from TownNPCs\Shimmered/
03:26 TRACE: Truffle_Default.xnb
03:26  INFO: Extracting files from TownNPCs\Shimmered/
03:26 TRACE: WitchDoctor_Default.xnb
03:26  INFO: Extracting files from TownNPCs\Shimmered/
03:26 TRACE: Wizard_Default.xnb
03:26  INFO: Extracting files from TownNPCs\Shimmered/
03:26 TRACE: Wizard_Default_Party.xnb
03:26  INFO: Extracting files from TownNPCs/
03:26 TRACE: SkeletonMerchant_Default.xnb
03:26  INFO: Extracting files from TownNPCs/
03:26 TRACE: SkeletonMerchant_Default_Party.xnb
03:26  INFO: Extracting files from TownNPCs/
03:26 TRACE: SlimeBlue_Default.xnb
03:26  INFO: Extracting files from TownNPCs/
03:26 TRACE: SlimeCopper_Default.xnb
03:26  INFO: Extracting files from TownNPCs/
03:26 TRACE: SlimeCopper_Default_Party.xnb
03:26  INFO: Extracting files from TownNPCs/
03:26 TRACE: SlimeGreen_Default.xnb
03:26  INFO: Extracting files from TownNPCs/
03:26 TRACE: SlimeGreen_Default_Party.xnb
03:26  INFO: Extracting files from TownNPCs/
03:26 TRACE: SlimeOld_Default.xnb
03:26  INFO: Extracting files from TownNPCs/
03:26 TRACE: SlimeOld_Default_Party.xnb
03:26  INFO: Extracting files from TownNPCs/
03:26 TRACE: SlimePurple_Default.xnb
03:26  INFO: Extracting files from TownNPCs/
03:26 TRACE: SlimePurple_Default_Party.xnb
03:26  INFO: Extracting files from TownNPCs/
03:26 TRACE: SlimeRainbow_Default.xnb
03:26  INFO: Extracting files from TownNPCs/
03:26 TRACE: SlimeRainbow_Default_Party.xnb
03:26  INFO: Extracting files from TownNPCs/
03:26 TRACE: SlimeRed_Default.xnb
03:26  INFO: Extracting files from TownNPCs/
03:26 TRACE: SlimeRed_Default_Party.xnb
03:26  INFO: Extracting files from TownNPCs/
03:26 TRACE: SlimeYellow_Default.xnb
03:27  INFO: Extracting files from TownNPCs/
03:27 TRACE: SlimeYellow_Default_Party.xnb
03:27  INFO: Extracting files from TownNPCs/
03:27 TRACE: Steampunker_Default.xnb
03:27  INFO: Extracting files from TownNPCs/
03:27 TRACE: Steampunker_Default_Party.xnb
03:27  INFO: Extracting files from TownNPCs/
03:27 TRACE: Stylist_Default.xnb
03:27  INFO: Extracting files from TownNPCs/
03:27 TRACE: Stylist_Default_Party.xnb
03:27  INFO: Extracting files from TownNPCs/
03:27 TRACE: Tavernkeep_Default.xnb
03:27  INFO: Extracting files from TownNPCs/
03:27 TRACE: TaxCollector_Default.xnb
03:27  INFO: Extracting files from TownNPCs/
03:27 TRACE: TaxCollector_Default_Party.xnb
03:27  INFO: Extracting files from TownNPCs/
03:27 TRACE: TravelingMerchant_Default.xnb
03:27  INFO: Extracting files from TownNPCs/
03:27 TRACE: TravelingMerchant_Default_Party.xnb
03:27  INFO: Extracting files from TownNPCs/
03:27 TRACE: Truffle_Default.xnb
03:27  INFO: Extracting files from TownNPCs/
03:27 TRACE: WitchDoctor_Default.xnb
03:27  INFO: Extracting files from TownNPCs/
03:27 TRACE: Wizard_Default.xnb
03:27  INFO: Extracting files from TownNPCs/
03:27 TRACE: Wizard_Default_Party.xnb
03:28  INFO: Extracting files from UI/
03:28 TRACE: Achievements.xnb
03:28  INFO: Extracting files from UI/
03:28 TRACE: Achievement_Borders.xnb
03:28  INFO: Extracting files from UI/
03:28 TRACE: Achievement_Borders_MouseHover.xnb
03:28  INFO: Extracting files from UI/
03:28 TRACE: Achievement_Borders_MouseHoverThin.xnb
03:28  INFO: Extracting files from UI/
03:28 TRACE: Achievement_Categories.xnb
03:28  INFO: Extracting files from UI/
03:28 TRACE: Achievement_InnerPanelBottom.xnb
03:28  INFO: Extracting files from UI/
03:28 TRACE: Achievement_InnerPanelBottom_Large.xnb
03:28  INFO: Extracting files from UI/
03:28 TRACE: Achievement_InnerPanelTop.xnb
03:28  INFO: Extracting files from UI/
03:28 TRACE: Banner_Toggle_0.xnb
03:28  INFO: Extracting files from UI/
03:28 TRACE: Banner_Toggle_1.xnb
03:28  INFO: Extracting files from UI/
03:28 TRACE: Banner_Toggle_2.xnb
03:28  INFO: Extracting files from UI/
03:28 TRACE: Banner_Toggle_3.xnb
03:28  INFO: Extracting files from UI/
03:28 TRACE: Bestiary
03:28  INFO: Extracting files from UI\Bestiary/
03:28 TRACE: Biome_Hallow.xnb
03:28  INFO: Extracting files from UI\Bestiary/
03:28 TRACE: Button_Back.xnb
03:28  INFO: Extracting files from UI\Bestiary/
03:28 TRACE: Button_Border.xnb
03:28  INFO: Extracting files from UI\Bestiary/
03:28 TRACE: Button_Filtering.xnb
03:28  INFO: Extracting files from UI\Bestiary/
03:28 TRACE: Button_Forward.xnb
03:28  INFO: Extracting files from UI\Bestiary/
03:28 TRACE: Button_Search.xnb
03:28  INFO: Extracting files from UI\Bestiary/
03:28 TRACE: Button_Search_2.xnb
03:28  INFO: Extracting files from UI\Bestiary/
03:28 TRACE: Button_Search_Border.xnb
03:28  INFO: Extracting files from UI\Bestiary/
03:28 TRACE: Button_Sorting.xnb
03:28  INFO: Extracting files from UI\Bestiary/
03:28 TRACE: Button_Wide_Border.xnb
03:28  INFO: Extracting files from UI\Bestiary/
03:28 TRACE: Icon_Locked.xnb
03:28  INFO: Extracting files from UI\Bestiary/
03:28 TRACE: Icon_Rank_Dim.xnb
03:28  INFO: Extracting files from UI\Bestiary/
03:28 TRACE: Icon_Rank_Light.xnb
03:28  INFO: Extracting files from UI\Bestiary/
03:28 TRACE: Icon_Tags_Shadow.xnb
03:28  INFO: Extracting files from UI\Bestiary/
03:28 TRACE: NPCs
03:28  INFO: Extracting files from UI\Bestiary\NPCs/
03:28 TRACE: NPC_10.xnb
03:28  INFO: Extracting files from UI\Bestiary\NPCs/
03:28 TRACE: NPC_113.xnb
03:28  INFO: Extracting files from UI\Bestiary\NPCs/
03:28 TRACE: NPC_115.xnb
03:28  INFO: Extracting files from UI\Bestiary\NPCs/
03:28 TRACE: NPC_117.xnb
03:28  INFO: Extracting files from UI\Bestiary\NPCs/
03:28 TRACE: NPC_127.xnb
03:28  INFO: Extracting files from UI\Bestiary\NPCs/
03:28 TRACE: NPC_13.xnb
03:28  INFO: Extracting files from UI\Bestiary\NPCs/
03:28 TRACE: NPC_134.xnb
03:28  INFO: Extracting files from UI\Bestiary\NPCs/
03:28 TRACE: NPC_245.xnb
03:28  INFO: Extracting files from UI\Bestiary\NPCs/
03:28 TRACE: NPC_259.xnb
03:28  INFO: Extracting files from UI\Bestiary\NPCs/
03:28 TRACE: NPC_260.xnb
03:28  INFO: Extracting files from UI\Bestiary\NPCs/
03:28 TRACE: NPC_39.xnb
03:28  INFO: Extracting files from UI\Bestiary\NPCs/
03:28 TRACE: NPC_395.xnb
03:28  INFO: Extracting files from UI\Bestiary\NPCs/
03:28 TRACE: NPC_398.xnb
03:28  INFO: Extracting files from UI\Bestiary\NPCs/
03:28 TRACE: NPC_402.xnb
03:29  INFO: Extracting files from UI\Bestiary\NPCs/
03:29 TRACE: NPC_412.xnb
03:29  INFO: Extracting files from UI\Bestiary\NPCs/
03:29 TRACE: NPC_454.xnb
03:29  INFO: Extracting files from UI\Bestiary\NPCs/
03:29 TRACE: NPC_491.xnb
03:29  INFO: Extracting files from UI\Bestiary\NPCs/
03:29 TRACE: NPC_510.xnb
03:29  INFO: Extracting files from UI\Bestiary\NPCs/
03:29 TRACE: NPC_513.xnb
03:29  INFO: Extracting files from UI\Bestiary\NPCs/
03:29 TRACE: NPC_594.xnb
03:29  INFO: Extracting files from UI\Bestiary\NPCs/
03:29 TRACE: NPC_621.xnb
03:29  INFO: Extracting files from UI\Bestiary\NPCs/
03:29 TRACE: NPC_7.xnb
03:29  INFO: Extracting files from UI\Bestiary\NPCs/
03:29 TRACE: NPC_87.xnb
03:29  INFO: Extracting files from UI\Bestiary\NPCs/
03:29 TRACE: NPC_95.xnb
03:29  INFO: Extracting files from UI\Bestiary\NPCs/
03:29 TRACE: NPC_98.xnb
03:29  INFO: Extracting files from UI\Bestiary\NPCs/
03:29 TRACE: Test.xnb
03:29  INFO: Extracting files from UI\Bestiary/
03:29 TRACE: Portrait_Front.xnb
03:29  INFO: Extracting files from UI\Bestiary/
03:29 TRACE: Slot_Back.xnb
03:29  INFO: Extracting files from UI\Bestiary/
03:29 TRACE: Slot_Front.xnb
03:29  INFO: Extracting files from UI\Bestiary/
03:29 TRACE: Slot_Overlay.xnb
03:29  INFO: Extracting files from UI\Bestiary/
03:29 TRACE: Slot_Selection.xnb
03:29  INFO: Extracting files from UI\Bestiary/
03:29 TRACE: Stat_Attack.xnb
03:29  INFO: Extracting files from UI\Bestiary/
03:29 TRACE: Stat_Copper.xnb
03:29  INFO: Extracting files from UI\Bestiary/
03:29 TRACE: Stat_Defense.xnb
03:29  INFO: Extracting files from UI\Bestiary/
03:29 TRACE: Stat_Gold.xnb
03:29  INFO: Extracting files from UI\Bestiary/
03:29 TRACE: Stat_HP.xnb
03:29  INFO: Extracting files from UI\Bestiary/
03:29 TRACE: Stat_Knockback.xnb
03:29  INFO: Extracting files from UI\Bestiary/
03:29 TRACE: Stat_Panel.xnb
03:29  INFO: Extracting files from UI\Bestiary/
03:29 TRACE: Stat_Platinum.xnb
03:29  INFO: Extracting files from UI\Bestiary/
03:29 TRACE: Stat_Silver.xnb
03:29  INFO: Extracting files from UI/
03:29 TRACE: Bestiary.xnb
03:29  INFO: Extracting files from UI/
03:29 TRACE: BlockReplace_0.xnb
03:29  INFO: Extracting files from UI/
03:29 TRACE: BlockReplace_1.xnb
03:29  INFO: Extracting files from UI/
03:29 TRACE: BuilderIcons.xnb
03:29  INFO: Extracting files from UI/
03:29 TRACE: ButtonBacking.xnb
03:29  INFO: Extracting files from UI/
03:29 TRACE: ButtonCloudActive.xnb
03:29  INFO: Extracting files from UI/
03:29 TRACE: ButtonCloudInactive.xnb
03:29  INFO: Extracting files from UI/
03:29 TRACE: ButtonDelete.xnb
03:29  INFO: Extracting files from UI/
03:29 TRACE: ButtonFavoriteActive.xnb
03:29  INFO: Extracting files from UI/
03:29 TRACE: ButtonFavoriteInactive.xnb
03:29  INFO: Extracting files from UI/
03:29 TRACE: ButtonPlay.xnb
03:29  INFO: Extracting files from UI/
03:29 TRACE: ButtonRename.xnb
03:29  INFO: Extracting files from UI/
03:29 TRACE: ButtonSeed.xnb
03:29  INFO: Extracting files from UI/
03:29 TRACE: Camera_0.xnb
03:29  INFO: Extracting files from UI/
03:29 TRACE: Camera_1.xnb
03:29  INFO: Extracting files from UI/
03:29 TRACE: Camera_2.xnb
03:29  INFO: Extracting files from UI/
03:29 TRACE: Camera_3.xnb
03:29  INFO: Extracting files from UI/
03:29 TRACE: Camera_4.xnb
03:29  INFO: Extracting files from UI/
03:29 TRACE: Camera_5.xnb
03:29  INFO: Extracting files from UI/
03:29 TRACE: Camera_6.xnb
03:29  INFO: Extracting files from UI/
03:29 TRACE: Camera_7.xnb
03:29  INFO: Extracting files from UI/
03:29 TRACE: CharCreation
03:29  INFO: Extracting files from UI\CharCreation/
03:29 TRACE: CategoryPanel.xnb
03:29  INFO: Extracting files from UI\CharCreation/
03:29 TRACE: CategoryPanelBorder.xnb
03:29  INFO: Extracting files from UI\CharCreation/
03:29 TRACE: CategoryPanelHighlight.xnb
03:29  INFO: Extracting files from UI\CharCreation/
03:29 TRACE: CharInfo.xnb
03:29  INFO: Extracting files from UI\CharCreation/
03:29 TRACE: ClothStyleFemale.xnb
03:29  INFO: Extracting files from UI\CharCreation/
03:29 TRACE: ClothStyleMale.xnb
03:29  INFO: Extracting files from UI\CharCreation/
03:29 TRACE: ColorCharacter.xnb
03:29  INFO: Extracting files from UI\CharCreation/
03:29 TRACE: ColorEye.xnb
03:29  INFO: Extracting files from UI\CharCreation/
03:29 TRACE: ColorEyeBack.xnb
03:29  INFO: Extracting files from UI\CharCreation/
03:29 TRACE: ColorHair.xnb
03:29  INFO: Extracting files from UI\CharCreation/
03:29 TRACE: ColorPants.xnb
03:29  INFO: Extracting files from UI\CharCreation/
03:29 TRACE: ColorShirt.xnb
03:29  INFO: Extracting files from UI\CharCreation/
03:29 TRACE: ColorShoes.xnb
03:29  INFO: Extracting files from UI\CharCreation/
03:29 TRACE: ColorSkin.xnb
03:29  INFO: Extracting files from UI\CharCreation/
03:29 TRACE: ColorUndershirt.xnb
03:29  INFO: Extracting files from UI\CharCreation/
03:29 TRACE: Copy.xnb
03:29  INFO: Extracting files from UI\CharCreation/
03:29 TRACE: HairStyle_Arrow.xnb
03:29  INFO: Extracting files from UI\CharCreation/
03:29 TRACE: HairStyle_Hair.xnb
03:29  INFO: Extracting files from UI\CharCreation/
03:29 TRACE: PanelGrayscale.xnb
03:29  INFO: Extracting files from UI\CharCreation/
03:29 TRACE: Paste.xnb
03:29  INFO: Extracting files from UI\CharCreation/
03:29 TRACE: Randomize.xnb
03:29  INFO: Extracting files from UI\CharCreation/
03:29 TRACE: Separator1.xnb
03:29  INFO: Extracting files from UI\CharCreation/
03:29 TRACE: Separator2.xnb
03:29  INFO: Extracting files from UI\CharCreation/
03:29 TRACE: SmallPanel.xnb
03:29  INFO: Extracting files from UI\CharCreation/
03:29 TRACE: SmallPanelBorder.xnb
03:29  INFO: Extracting files from UI\CharCreation/
03:29 TRACE: Voice.xnb
03:29  INFO: Extracting files from UI/
03:29 TRACE: ChestCraft_0.xnb
03:29  INFO: Extracting files from UI/
03:29 TRACE: ChestCraft_1.xnb
03:29  INFO: Extracting files from UI/
03:29 TRACE: ChestCraft_2.xnb
03:29  INFO: Extracting files from UI/
03:29 TRACE: ChestCraft_3.xnb
03:29  INFO: Extracting files from UI/
03:29 TRACE: ChestStack_0.xnb
03:29  INFO: Extracting files from UI/
03:29 TRACE: ChestStack_1.xnb
03:29  INFO: Extracting files from UI/
03:29 TRACE: ChestStack_2.xnb
03:29  INFO: Extracting files from UI/
03:29 TRACE: ChestStack_3.xnb
03:29  INFO: Extracting files from UI/
03:29 TRACE: Craft.xnb
03:29  INFO: Extracting files from UI/
03:29 TRACE: Craft_Toggle_0.xnb
03:29  INFO: Extracting files from UI/
03:29 TRACE: Craft_Toggle_1.xnb
03:29  INFO: Extracting files from UI/
03:29 TRACE: Craft_Toggle_2.xnb
03:29  INFO: Extracting files from UI/
03:29 TRACE: Craft_Toggle_3.xnb
03:29  INFO: Extracting files from UI/
03:29 TRACE: Craft_Toggle_4.xnb
03:29  INFO: Extracting files from UI/
03:29 TRACE: Craft_Toggle_5.xnb
03:29  INFO: Extracting files from UI/
03:29 TRACE: Creative
03:29  INFO: Extracting files from UI\Creative/
03:29 TRACE: Infinite_Icons.xnb
03:29  INFO: Extracting files from UI\Creative/
03:29 TRACE: Infinite_Powers.xnb
03:29  INFO: Extracting files from UI\Creative/
03:29 TRACE: Infinite_Tabs_A.xnb
03:29  INFO: Extracting files from UI\Creative/
03:29 TRACE: Infinite_Tabs_B.xnb
03:29  INFO: Extracting files from UI\Creative/
03:29 TRACE: Infinite_Tabs_B_2.xnb
03:29  INFO: Extracting files from UI\Creative/
03:29 TRACE: Journey_Toggle.xnb
03:29  INFO: Extracting files from UI\Creative/
03:29 TRACE: Journey_Toggle_MouseOver.xnb
03:29  INFO: Extracting files from UI\Creative/
03:29 TRACE: Research_FramedPistons.xnb
03:29  INFO: Extracting files from UI\Creative/
03:29 TRACE: Research_GearA.xnb
03:29  INFO: Extracting files from UI\Creative/
03:29 TRACE: Research_GearB.xnb
03:29  INFO: Extracting files from UI\Creative/
03:29 TRACE: Research_GearC.xnb
03:29  INFO: Extracting files from UI\Creative/
03:29 TRACE: Research_Slots.xnb
03:29  INFO: Extracting files from UI\Creative/
03:29 TRACE: Research_Spark.xnb
03:29  INFO: Extracting files from UI/
03:29 TRACE: Cursor_0.xnb
03:29  INFO: Extracting files from UI/
03:29 TRACE: Cursor_1.xnb
03:29  INFO: Extracting files from UI/
03:29 TRACE: Cursor_10.xnb
03:29  INFO: Extracting files from UI/
03:29 TRACE: Cursor_11.xnb
03:29  INFO: Extracting files from UI/
03:29 TRACE: Cursor_12.xnb
03:29  INFO: Extracting files from UI/
03:29 TRACE: Cursor_13.xnb
03:29  INFO: Extracting files from UI/
03:29 TRACE: Cursor_14.xnb
03:29  INFO: Extracting files from UI/
03:29 TRACE: Cursor_15.xnb
03:29  INFO: Extracting files from UI/
03:29 TRACE: Cursor_16.xnb
03:29  INFO: Extracting files from UI/
03:29 TRACE: Cursor_17.xnb
03:29  INFO: Extracting files from UI/
03:29 TRACE: Cursor_2.xnb
03:30  INFO: Extracting files from UI/
03:30 TRACE: Cursor_3.xnb
03:30  INFO: Extracting files from UI/
03:30 TRACE: Cursor_4.xnb
03:30  INFO: Extracting files from UI/
03:30 TRACE: Cursor_5.xnb
03:30  INFO: Extracting files from UI/
03:30 TRACE: Cursor_6.xnb
03:30  INFO: Extracting files from UI/
03:30 TRACE: Cursor_7.xnb
03:30  INFO: Extracting files from UI/
03:30 TRACE: Cursor_8.xnb
03:30  INFO: Extracting files from UI/
03:30 TRACE: Cursor_9.xnb
03:30  INFO: Extracting files from UI/
03:30 TRACE: DefaultResourcePackIcon.xnb
03:30  INFO: Extracting files from UI/
03:30 TRACE: DisplaySlots_0.xnb
03:30  INFO: Extracting files from UI/
03:30 TRACE: DisplaySlots_1.xnb
03:30  INFO: Extracting files from UI/
03:30 TRACE: DisplaySlots_10.xnb
03:30  INFO: Extracting files from UI/
03:30 TRACE: DisplaySlots_2.xnb
03:30  INFO: Extracting files from UI/
03:30 TRACE: DisplaySlots_3.xnb
03:30  INFO: Extracting files from UI/
03:30 TRACE: DisplaySlots_4.xnb
03:30  INFO: Extracting files from UI/
03:30 TRACE: DisplaySlots_5.xnb
03:30  INFO: Extracting files from UI/
03:30 TRACE: DisplaySlots_6.xnb
03:30  INFO: Extracting files from UI/
03:30 TRACE: DisplaySlots_7.xnb
03:30  INFO: Extracting files from UI/
03:30 TRACE: DisplaySlots_8.xnb
03:30  INFO: Extracting files from UI/
03:30 TRACE: DisplaySlots_9.xnb
03:30  INFO: Extracting files from UI/
03:30 TRACE: Divider.xnb
03:30  INFO: Extracting files from UI/
03:30 TRACE: EmoteBubbleBorder.xnb
03:30  INFO: Extracting files from UI/
03:30 TRACE: Emotes.xnb
03:30  INFO: Extracting files from UI/
03:30 TRACE: Glyphs_0.xnb
03:30  INFO: Extracting files from UI/
03:30 TRACE: GolfBall_Arrow.xnb
03:30  INFO: Extracting files from UI/
03:30 TRACE: GolfBall_Arrow_Shadow.xnb
03:30  INFO: Extracting files from UI/
03:30 TRACE: GolfBall_Map.xnb
03:30  INFO: Extracting files from UI/
03:30 TRACE: GolfSwingBarFill.xnb
03:30  INFO: Extracting files from UI/
03:30 TRACE: GolfSwingBarPanel.xnb
03:30  INFO: Extracting files from UI/
03:30 TRACE: HotbarRadial_0.xnb
03:30  INFO: Extracting files from UI/
03:30 TRACE: HotbarRadial_1.xnb
03:30  INFO: Extracting files from UI/
03:30 TRACE: HotbarRadial_2.xnb
03:30  INFO: Extracting files from UI/
03:30 TRACE: House_Banner.xnb
03:30  INFO: Extracting files from UI/
03:30 TRACE: IconCompletion.xnb
03:30  INFO: Extracting files from UI/
03:30 TRACE: IconCorruption.xnb
03:30  INFO: Extracting files from UI/
03:30 TRACE: IconCorruptionAnniversary.xnb
03:30  INFO: Extracting files from UI/
03:30 TRACE: IconCorruptionCrimson.xnb
03:30  INFO: Extracting files from UI/
03:30 TRACE: IconCorruptionDontStarve.xnb
03:30  INFO: Extracting files from UI/
03:30 TRACE: IconCorruptionFTW.xnb
03:30  INFO: Extracting files from UI/
03:30 TRACE: IconCorruptionNotTheBees.xnb
03:30  INFO: Extracting files from UI/
03:30 TRACE: IconCorruptionRemix.xnb
03:30  INFO: Extracting files from UI/
03:30 TRACE: IconCorruptionTraps.xnb
03:30  INFO: Extracting files from UI/
03:30 TRACE: IconCrimson.xnb
03:30  INFO: Extracting files from UI/
03:30 TRACE: IconCrimsonAnniversary.xnb
03:30  INFO: Extracting files from UI/
03:30 TRACE: IconCrimsonDontStarve.xnb
03:30  INFO: Extracting files from UI/
03:30 TRACE: IconCrimsonFTW.xnb
03:30  INFO: Extracting files from UI/
03:30 TRACE: IconCrimsonNotTheBees.xnb
03:30  INFO: Extracting files from UI/
03:30 TRACE: IconCrimsonRemix.xnb
03:30  INFO: Extracting files from UI/
03:30 TRACE: IconCrimsonTraps.xnb
03:30  INFO: Extracting files from UI/
03:30 TRACE: IconEverything.xnb
03:30  INFO: Extracting files from UI/
03:30 TRACE: IconEverythingAnimated.xnb
03:30  INFO: Extracting files from UI/
03:30 TRACE: IconHallowCorruption.xnb
03:30  INFO: Extracting files from UI/
03:30 TRACE: IconHallowCorruptionAnniversary.xnb
03:30  INFO: Extracting files from UI/
03:30 TRACE: IconHallowCorruptionCrimson.xnb
03:30  INFO: Extracting files from UI/
03:30 TRACE: IconHallowCorruptionDontStarve.xnb
03:30  INFO: Extracting files from UI/
03:30 TRACE: IconHallowCorruptionFTW.xnb
03:30  INFO: Extracting files from UI/
03:30 TRACE: IconHallowCorruptionNotTheBees.xnb
03:30  INFO: Extracting files from UI/
03:30 TRACE: IconHallowCorruptionRemix.xnb
03:30  INFO: Extracting files from UI/
03:30 TRACE: IconHallowCorruptionTraps.xnb
03:30  INFO: Extracting files from UI/
03:30 TRACE: IconHallowCrimson.xnb
03:30  INFO: Extracting files from UI/
03:30 TRACE: IconHallowCrimsonAnniversary.xnb
03:30  INFO: Extracting files from UI/
03:30 TRACE: IconHallowCrimsonDontStarve.xnb
03:30  INFO: Extracting files from UI/
03:30 TRACE: IconHallowCrimsonFTW.xnb
03:30  INFO: Extracting files from UI/
03:30 TRACE: IconHallowCrimsonNotTheBees.xnb
03:30  INFO: Extracting files from UI/
03:30 TRACE: IconHallowCrimsonRemix.xnb
03:30  INFO: Extracting files from UI/
03:30 TRACE: IconHallowCrimsonTraps.xnb
03:30  INFO: Extracting files from UI/
03:30 TRACE: IconHallowEverything.xnb
03:30  INFO: Extracting files from UI/
03:30 TRACE: IconMismatchPause.xnb
03:30  INFO: Extracting files from UI/
03:30 TRACE: IconMixedSeed.xnb
03:30  INFO: Extracting files from UI/
03:30 TRACE: IconNewlyGenerated.xnb
03:30  INFO: Extracting files from UI/
03:30 TRACE: IconNext.xnb
03:30  INFO: Extracting files from UI/
03:30 TRACE: IconPlayedBefore.xnb
03:30  INFO: Extracting files from UI/
03:30 TRACE: IconPlayPause.xnb
03:30  INFO: Extracting files from UI/
03:30 TRACE: IconPrev.xnb
03:30  INFO: Extracting files from UI/
03:30 TRACE: IconQuickload.xnb
03:30  INFO: Extracting files from UI/
03:30 TRACE: IconReset.xnb
03:30  INFO: Extracting files from UI/
03:30 TRACE: IconSkyblock.xnb
03:30  INFO: Extracting files from UI/
03:30 TRACE: IconSnapshot.xnb
03:30  INFO: Extracting files from UI/
03:30 TRACE: IconSnapshotFrequency.xnb
03:30  INFO: Extracting files from UI/
03:30 TRACE: InfoIcon_0.xnb
03:30  INFO: Extracting files from UI/
03:30 TRACE: InfoIcon_1.xnb
03:30  INFO: Extracting files from UI/
03:30 TRACE: InfoIcon_10.xnb
03:30  INFO: Extracting files from UI/
03:30 TRACE: InfoIcon_11.xnb
03:30  INFO: Extracting files from UI/
03:30 TRACE: InfoIcon_12.xnb
03:30  INFO: Extracting files from UI/
03:30 TRACE: InfoIcon_13.xnb
03:30  INFO: Extracting files from UI/
03:30 TRACE: InfoIcon_2.xnb
03:30  INFO: Extracting files from UI/
03:30 TRACE: InfoIcon_3.xnb
03:30  INFO: Extracting files from UI/
03:30 TRACE: InfoIcon_4.xnb
03:30  INFO: Extracting files from UI/
03:30 TRACE: InfoIcon_5.xnb
03:30  INFO: Extracting files from UI/
03:30 TRACE: InfoIcon_6.xnb
03:30  INFO: Extracting files from UI/
03:30 TRACE: InfoIcon_7.xnb
03:30  INFO: Extracting files from UI/
03:30 TRACE: InfoIcon_8.xnb
03:30  INFO: Extracting files from UI/
03:30 TRACE: InfoIcon_9.xnb
03:30  INFO: Extracting files from UI/
03:30 TRACE: InnerPanelBackground.xnb
03:31  INFO: Extracting files from UI/
03:31 TRACE: LockOn_Cursor.xnb
03:31  INFO: Extracting files from UI/
03:31 TRACE: MapPing.xnb
03:31  INFO: Extracting files from UI/
03:31 TRACE: Minimap
03:31  INFO: Extracting files from UI\Minimap/
03:31 TRACE: Default
03:31  INFO: Extracting files from UI\Minimap\Default/
03:31 TRACE: MinimapButton_Reset.xnb
03:31  INFO: Extracting files from UI\Minimap\Default/
03:31 TRACE: MinimapButton_ZoomIn.xnb
03:31  INFO: Extracting files from UI\Minimap\Default/
03:31 TRACE: MinimapButton_ZoomOut.xnb
03:31  INFO: Extracting files from UI\Minimap\Default/
03:31 TRACE: MinimapFrame.xnb
03:31  INFO: Extracting files from UI\Minimap/
03:31 TRACE: Golden
03:31  INFO: Extracting files from UI\Minimap\Golden/
03:31 TRACE: MinimapButton_Reset.xnb
03:31  INFO: Extracting files from UI\Minimap\Golden/
03:31 TRACE: MinimapButton_ZoomIn.xnb
03:31  INFO: Extracting files from UI\Minimap\Golden/
03:31 TRACE: MinimapButton_ZoomOut.xnb
03:31  INFO: Extracting files from UI\Minimap\Golden/
03:31 TRACE: MinimapFrame.xnb
03:31  INFO: Extracting files from UI\Minimap/
03:31 TRACE: Leaf
03:31  INFO: Extracting files from UI\Minimap\Leaf/
03:31 TRACE: MinimapButton_Reset.xnb
03:31  INFO: Extracting files from UI\Minimap\Leaf/
03:31 TRACE: MinimapButton_ZoomIn.xnb
03:31  INFO: Extracting files from UI\Minimap\Leaf/
03:31 TRACE: MinimapButton_ZoomOut.xnb
03:31  INFO: Extracting files from UI\Minimap\Leaf/
03:31 TRACE: MinimapFrame.xnb
03:31  INFO: Extracting files from UI\Minimap/
03:31 TRACE: Remix
03:31  INFO: Extracting files from UI\Minimap\Remix/
03:31 TRACE: MinimapButton_Reset.xnb
03:31  INFO: Extracting files from UI\Minimap\Remix/
03:31 TRACE: MinimapButton_ZoomIn.xnb
03:31  INFO: Extracting files from UI\Minimap\Remix/
03:31 TRACE: MinimapButton_ZoomOut.xnb
03:31  INFO: Extracting files from UI\Minimap\Remix/
03:31 TRACE: MinimapFrame.xnb
03:31  INFO: Extracting files from UI\Minimap/
03:31 TRACE: Retro
03:31  INFO: Extracting files from UI\Minimap\Retro/
03:31 TRACE: MinimapButton_Reset.xnb
03:31  INFO: Extracting files from UI\Minimap\Retro/
03:31 TRACE: MinimapButton_ZoomIn.xnb
03:31  INFO: Extracting files from UI\Minimap\Retro/
03:31 TRACE: MinimapButton_ZoomOut.xnb
03:31  INFO: Extracting files from UI\Minimap\Retro/
03:31 TRACE: MinimapFrame.xnb
03:31  INFO: Extracting files from UI\Minimap/
03:31 TRACE: Sticks
03:31  INFO: Extracting files from UI\Minimap\Sticks/
03:31 TRACE: MinimapButton_Reset.xnb
03:31  INFO: Extracting files from UI\Minimap\Sticks/
03:31 TRACE: MinimapButton_ZoomIn.xnb
03:31  INFO: Extracting files from UI\Minimap\Sticks/
03:31 TRACE: MinimapButton_ZoomOut.xnb
03:31  INFO: Extracting files from UI\Minimap\Sticks/
03:31 TRACE: MinimapFrame.xnb
03:31  INFO: Extracting files from UI\Minimap/
03:31 TRACE: StoneGold
03:31  INFO: Extracting files from UI\Minimap\StoneGold/
03:31 TRACE: MinimapButton_Reset.xnb
03:31  INFO: Extracting files from UI\Minimap\StoneGold/
03:31 TRACE: MinimapButton_ZoomIn.xnb
03:31  INFO: Extracting files from UI\Minimap\StoneGold/
03:31 TRACE: MinimapButton_ZoomOut.xnb
03:31  INFO: Extracting files from UI\Minimap\StoneGold/
03:31 TRACE: MinimapFrame.xnb
03:31  INFO: Extracting files from UI\Minimap/
03:31 TRACE: TwigLeaf
03:31  INFO: Extracting files from UI\Minimap\TwigLeaf/
03:31 TRACE: MinimapButton_Reset.xnb
03:31  INFO: Extracting files from UI\Minimap\TwigLeaf/
03:31 TRACE: MinimapButton_ZoomIn.xnb
03:31  INFO: Extracting files from UI\Minimap\TwigLeaf/
03:31 TRACE: MinimapButton_ZoomOut.xnb
03:31  INFO: Extracting files from UI\Minimap\TwigLeaf/
03:31 TRACE: MinimapFrame.xnb
03:31  INFO: Extracting files from UI\Minimap/
03:31 TRACE: Valkyrie
03:31  INFO: Extracting files from UI\Minimap\Valkyrie/
03:31 TRACE: MinimapButton_Reset.xnb
03:31  INFO: Extracting files from UI\Minimap\Valkyrie/
03:31 TRACE: MinimapButton_ZoomIn.xnb
03:31  INFO: Extracting files from UI\Minimap\Valkyrie/
03:31 TRACE: MinimapButton_ZoomOut.xnb
03:31  INFO: Extracting files from UI\Minimap\Valkyrie/
03:31 TRACE: MinimapFrame.xnb
03:31  INFO: Extracting files from UI/
03:31 TRACE: NPCHappiness.xnb
03:31  INFO: Extracting files from UI/
03:31 TRACE: OnePixel.xnb
03:31  INFO: Extracting files from UI/
03:31 TRACE: PanelBackground.xnb
03:31  INFO: Extracting files from UI/
03:31 TRACE: PanelBorder.xnb
03:31  INFO: Extracting files from UI/
03:31 TRACE: PlayerBackground.xnb
03:31  INFO: Extracting files from UI/
03:31 TRACE: PlayerResourceSets
03:31  INFO: Extracting files from UI\PlayerResourceSets/
03:31 TRACE: FancyClassic
03:31  INFO: Extracting files from UI\PlayerResourceSets\FancyClassic/
03:31 TRACE: Heart_Fill.xnb
03:31  INFO: Extracting files from UI\PlayerResourceSets\FancyClassic/
03:31 TRACE: Heart_Fill_B.xnb
03:31  INFO: Extracting files from UI\PlayerResourceSets\FancyClassic/
03:31 TRACE: Heart_Left.xnb
03:31  INFO: Extracting files from UI\PlayerResourceSets\FancyClassic/
03:31 TRACE: Heart_Middle.xnb
03:31  INFO: Extracting files from UI\PlayerResourceSets\FancyClassic/
03:31 TRACE: Heart_Right.xnb
03:31  INFO: Extracting files from UI\PlayerResourceSets\FancyClassic/
03:31 TRACE: Heart_Right_Fancy.xnb
03:31  INFO: Extracting files from UI\PlayerResourceSets\FancyClassic/
03:31 TRACE: Heart_Single_Fancy.xnb
03:31  INFO: Extracting files from UI\PlayerResourceSets\FancyClassic/
03:31 TRACE: Star_A.xnb
03:31  INFO: Extracting files from UI\PlayerResourceSets\FancyClassic/
03:31 TRACE: Star_B.xnb
03:31  INFO: Extracting files from UI\PlayerResourceSets\FancyClassic/
03:31 TRACE: Star_C.xnb
03:31  INFO: Extracting files from UI\PlayerResourceSets\FancyClassic/
03:31 TRACE: Star_Fill.xnb
03:31  INFO: Extracting files from UI\PlayerResourceSets\FancyClassic/
03:31 TRACE: Star_Single.xnb
03:31  INFO: Extracting files from UI\PlayerResourceSets/
03:31 TRACE: HorizontalBars
03:31  INFO: Extracting files from UI\PlayerResourceSets\HorizontalBars/
03:31 TRACE: HP_Fill.xnb
03:31  INFO: Extracting files from UI\PlayerResourceSets\HorizontalBars/
03:31 TRACE: HP_Fill_Honey.xnb
03:31  INFO: Extracting files from UI\PlayerResourceSets\HorizontalBars/
03:31 TRACE: HP_Panel_Middle.xnb
03:31  INFO: Extracting files from UI\PlayerResourceSets\HorizontalBars/
03:31 TRACE: HP_Panel_Right.xnb
03:31  INFO: Extracting files from UI\PlayerResourceSets\HorizontalBars/
03:31 TRACE: MP_Fill.xnb
03:31  INFO: Extracting files from UI\PlayerResourceSets\HorizontalBars/
03:31 TRACE: MP_Panel_Middle.xnb
03:31  INFO: Extracting files from UI\PlayerResourceSets\HorizontalBars/
03:31 TRACE: MP_Panel_Right.xnb
03:31  INFO: Extracting files from UI\PlayerResourceSets\HorizontalBars/
03:31 TRACE: Panel_Left.xnb
03:31  INFO: Extracting files from UI/
03:31 TRACE: PVP_0.xnb
03:31  INFO: Extracting files from UI/
03:31 TRACE: PVP_1.xnb
03:31  INFO: Extracting files from UI/
03:31 TRACE: PVP_2.xnb
03:31  INFO: Extracting files from UI/
03:31 TRACE: Radial.xnb
03:31  INFO: Extracting files from UI/
03:31 TRACE: Reforge_0.xnb
03:31  INFO: Extracting files from UI/
03:31 TRACE: Reforge_1.xnb
03:31  INFO: Extracting files from UI/
03:31 TRACE: Scrollbar.xnb
03:31  INFO: Extracting files from UI/
03:31 TRACE: Scrollbar2.xnb
03:31  INFO: Extracting files from UI/
03:31 TRACE: ScrollbarInner.xnb
03:31  INFO: Extracting files from UI/
03:31 TRACE: SearchCancel.xnb
03:31  INFO: Extracting files from UI/
03:31 TRACE: Settings_Inputs.xnb
03:31  INFO: Extracting files from UI/
03:31 TRACE: Settings_Inputs_2.xnb
03:31  INFO: Extracting files from UI/
03:31 TRACE: Settings_Inputs_2_Border.xnb
03:31  INFO: Extracting files from UI/
03:31 TRACE: Settings_Inputs_Border.xnb
03:31  INFO: Extracting files from UI/
03:31 TRACE: Settings_Panel.xnb
03:31  INFO: Extracting files from UI/
03:31 TRACE: Settings_Panel_2.xnb
03:31  INFO: Extracting files from UI/
03:31 TRACE: Settings_Toggle.xnb
03:31  INFO: Extracting files from UI/
03:31 TRACE: Slider_Highlight.xnb
03:31  INFO: Extracting files from UI/
03:31 TRACE: SmartCursorArrow.xnb
03:31  INFO: Extracting files from UI/
03:31 TRACE: Sort_0.xnb
03:31  INFO: Extracting files from UI/
03:31 TRACE: Sort_1.xnb
03:31  INFO: Extracting files from UI/
03:31 TRACE: SpawnBed.xnb
03:31  INFO: Extracting files from UI/
03:31 TRACE: SpawnPoint.xnb
03:31  INFO: Extracting files from UI/
03:31 TRACE: Sunflower_Loading.xnb
03:31  INFO: Extracting files from UI/
03:31 TRACE: TexturePackButtons.xnb
03:31  INFO: Extracting files from UI/
03:31 TRACE: TexturePackButtonsOutline.xnb
03:31  INFO: Extracting files from UI/
03:31 TRACE: TitleLinkButtons.xnb
03:31  INFO: Extracting files from UI/
03:31 TRACE: UI_BossBar.xnb
03:31  INFO: Extracting files from UI/
03:31 TRACE: UI_quickicon1.xnb
03:31  INFO: Extracting files from UI/
03:31 TRACE: VK_Backspace.xnb
03:31  INFO: Extracting files from UI/
03:31 TRACE: VK_Shift.xnb
03:31  INFO: Extracting files from UI/
03:31 TRACE: Wires_0.xnb
03:31  INFO: Extracting files from UI/
03:31 TRACE: Wires_1.xnb
03:31  INFO: Extracting files from UI/
03:31 TRACE: Wires_10.xnb
03:31  INFO: Extracting files from UI/
03:31 TRACE: Wires_11.xnb
03:31  INFO: Extracting files from UI/
03:31 TRACE: Wires_2.xnb
03:31  INFO: Extracting files from UI/
03:31 TRACE: Wires_3.xnb
03:31  INFO: Extracting files from UI/
03:31 TRACE: Wires_4.xnb
03:31  INFO: Extracting files from UI/
03:31 TRACE: Wires_5.xnb
03:31  INFO: Extracting files from UI/
03:31 TRACE: Wires_6.xnb
03:31  INFO: Extracting files from UI/
03:31 TRACE: Wires_7.xnb
03:31  INFO: Extracting files from UI/
03:31 TRACE: Wires_8.xnb
03:31  INFO: Extracting files from UI/
03:31 TRACE: Wires_9.xnb
03:31  INFO: Extracting files from UI/
03:31 TRACE: Workshop
03:31  INFO: Extracting files from UI\Workshop/
03:31 TRACE: DefaultPreviewImage.xnb
03:31  INFO: Extracting files from UI\Workshop/
03:31 TRACE: HubPublishResourcepacks.xnb
03:31  INFO: Extracting files from UI\Workshop/
03:31 TRACE: HubPublishWorlds.xnb
03:31  INFO: Extracting files from UI\Workshop/
03:31 TRACE: HubResourcepacks.xnb
03:31  INFO: Extracting files from UI\Workshop/
03:31 TRACE: HubWorlds.xnb
03:31  INFO: Extracting files from UI\Workshop/
03:31 TRACE: InProgress.xnb
03:31  INFO: Extracting files from UI\Workshop/
03:31 TRACE: IssueButton.xnb
03:31  INFO: Extracting files from UI\Workshop/
03:31 TRACE: IssueButton_Outline.xnb
03:31  INFO: Extracting files from UI\Workshop/
03:31 TRACE: ListBackground.xnb
03:31  INFO: Extracting files from UI\Workshop/
03:31 TRACE: PublicityFriendsOnly.xnb
03:31  INFO: Extracting files from UI\Workshop/
03:31 TRACE: PublicityPrivate.xnb
03:31  INFO: Extracting files from UI\Workshop/
03:31 TRACE: PublicityPublic.xnb
03:31  INFO: Extracting files from UI\Workshop/
03:31 TRACE: Publish.xnb
03:31  INFO: Extracting files from UI\Workshop/
03:31 TRACE: Tags.xnb
03:31  INFO: Extracting files from UI/
03:31 TRACE: WorldCreation
03:31  INFO: Extracting files from UI\WorldCreation/
03:31 TRACE: IconDifficultyCreative.xnb
03:31  INFO: Extracting files from UI\WorldCreation/
03:31 TRACE: IconDifficultyExpert.xnb
03:31  INFO: Extracting files from UI\WorldCreation/
03:31 TRACE: IconDifficultyMaster.xnb
03:31  INFO: Extracting files from UI\WorldCreation/
03:31 TRACE: IconDifficultyNormal.xnb
03:31  INFO: Extracting files from UI\WorldCreation/
03:31 TRACE: IconEvilCorruption.xnb
03:31  INFO: Extracting files from UI\WorldCreation/
03:31 TRACE: IconEvilCrimson.xnb
03:31  INFO: Extracting files from UI\WorldCreation/
03:31 TRACE: IconEvilRandom.xnb
03:31  INFO: Extracting files from UI\WorldCreation/
03:31 TRACE: IconRandomName.xnb
03:31  INFO: Extracting files from UI\WorldCreation/
03:31 TRACE: IconRandomSeed.xnb
03:31  INFO: Extracting files from UI\WorldCreation/
03:31 TRACE: IconSizeLarge.xnb
03:31  INFO: Extracting files from UI\WorldCreation/
03:31 TRACE: IconSizeMedium.xnb
03:31  INFO: Extracting files from UI\WorldCreation/
03:31 TRACE: IconSizeSmall.xnb
03:31  INFO: Extracting files from UI\WorldCreation/
03:31 TRACE: PreviewBorder.xnb
03:31  INFO: Extracting files from UI\WorldCreation/
03:31 TRACE: PreviewDifficultyCreative2.xnb
03:31  INFO: Extracting files from UI\WorldCreation/
03:31 TRACE: PreviewDifficultyExpert1.xnb
03:31  INFO: Extracting files from UI\WorldCreation/
03:31 TRACE: PreviewDifficultyExpert2.xnb
03:32  INFO: Extracting files from UI\WorldCreation/
03:32 TRACE: PreviewDifficultyMaster1.xnb
03:32  INFO: Extracting files from UI\WorldCreation/
03:32 TRACE: PreviewDifficultyMaster2.xnb
03:32  INFO: Extracting files from UI\WorldCreation/
03:32 TRACE: PreviewDifficultyNormal1.xnb
03:32  INFO: Extracting files from UI\WorldCreation/
03:32 TRACE: PreviewDifficultyNormal2.xnb
03:32  INFO: Extracting files from UI\WorldCreation/
03:32 TRACE: PreviewEvilCorruption.xnb
03:32  INFO: Extracting files from UI\WorldCreation/
03:32 TRACE: PreviewEvilCrimson.xnb
03:32  INFO: Extracting files from UI\WorldCreation/
03:32 TRACE: PreviewEvilRandom.xnb
03:32  INFO: Extracting files from UI\WorldCreation/
03:32 TRACE: PreviewSizeLarge.xnb
03:32  INFO: Extracting files from UI\WorldCreation/
03:32 TRACE: PreviewSizeMedium.xnb
03:32  INFO: Extracting files from UI\WorldCreation/
03:32 TRACE: PreviewSizeSmall.xnb
03:32  INFO: Extracting files from UI\WorldCreation/
03:32 TRACE: Seed_Celebration.xnb
03:32  INFO: Extracting files from UI\WorldCreation/
03:32 TRACE: Seed_Drunk.xnb
03:32  INFO: Extracting files from UI\WorldCreation/
03:32 TRACE: Seed_Everything.xnb
03:32  INFO: Extracting files from UI\WorldCreation/
03:32 TRACE: Seed_ForTheWorthy.xnb
03:32  INFO: Extracting files from UI\WorldCreation/
03:32 TRACE: Seed_Normal.xnb
03:32  INFO: Extracting files from UI\WorldCreation/
03:32 TRACE: Seed_NoTraps.xnb
03:32  INFO: Extracting files from UI\WorldCreation/
03:32 TRACE: Seed_NotTheBees.xnb
03:32  INFO: Extracting files from UI\WorldCreation/
03:32 TRACE: Seed_Remix.xnb
03:32  INFO: Extracting files from UI\WorldCreation/
03:32 TRACE: Seed_Secret.xnb
03:32  INFO: Extracting files from UI\WorldCreation/
03:32 TRACE: Seed_Skyblock.xnb
03:32  INFO: Extracting files from UI\WorldCreation/
03:32 TRACE: Seed_TheConstant.xnb
03:32  INFO: Extracting files from UI/
03:32 TRACE: WorldGen
03:32  INFO: Extracting files from UI\WorldGen/
03:32 TRACE: Outer_Corrupt.xnb
03:32  INFO: Extracting files from UI\WorldGen/
03:32 TRACE: Outer_Crimson.xnb
03:32  INFO: Extracting files from UI\WorldGen/
03:32 TRACE: Outer_Dirt.xnb
03:32  INFO: Extracting files from UI\WorldGen/
03:32 TRACE: Outer_Lower.xnb
03:32  INFO: Extracting files from UI\WorldGen/
03:32 TRACE: Outer_Random.xnb
